2008.11.11 14:03 B E:\JB Tours\website\html\images\construction-page.jpg --> ftp.jbtours.co.za /jbtours.co.za/wwwroot/upmarket/images construction-page.jpg
2008.11.11 14:06 B E:\JB Tours\website\html\images\construction-page.jpg --> ftp.jbtours.co.za /jbtours.co.za/upmarket/images construction-page.jpg
2008.11.13 14:06 B E:\JB Tours\website\site\images\nav_after.gif --> ftp.jbtours.co.za /jbtours.co.za/wwwroot/upmarket/images nav_after.gif
2008.11.13 14:06 B E:\JB Tours\website\site\images\nav_b4.gif --> ftp.jbtours.co.za /jbtours.co.za/wwwroot/upmarket/images nav_b4.gif
2008.11.13 14:06 B E:\JB Tours\website\site\images\btn1a.gif --> ftp.jbtours.co.za /jbtours.co.za/wwwroot/upmarket/images btn1a.gif
2008.11.13 14:06 B E:\JB Tours\website\site\images\btn1b.gif --> ftp.jbtours.co.za /jbtours.co.za/wwwroot/upmarket/images btn1b.gif
2008.11.13 14:06 B E:\JB Tours\website\site\images\btn2a.gif --> ftp.jbtours.co.za /jbtours.co.za/wwwroot/upmarket/images btn2a.gif
2008.11.13 14:06 B E:\JB Tours\website\site\images\btn2b.gif --> ftp.jbtours.co.za /jbtours.co.za/wwwroot/upmarket/images btn2b.gif
2008.11.13 14:06 B E:\JB Tours\website\site\images\contact_block.jpg --> ftp.jbtours.co.za /jbtours.co.za/wwwroot/upmarket/images contact_block.jpg
2008.11.13 14:06 B E:\JB Tours\website\site\images\left_strip1.gif --> ftp.jbtours.co.za /jbtours.co.za/wwwroot/upmarket/images left_strip1.gif
2008.11.13 14:06 B E:\JB Tours\website\site\images\right-strip1.gif --> ftp.jbtours.co.za /jbtours.co.za/wwwroot/upmarket/images right-strip1.gif
2008.11.13 14:06 B E:\JB Tours\website\site\images\flower_bg.gif --> ftp.jbtours.co.za /jbtours.co.za/wwwroot/upmarket/images flower_bg.gif
2008.11.13 14:06 B E:\JB Tours\website\site\images\pic1.jpg --> ftp.jbtours.co.za /jbtours.co.za/wwwroot/upmarket/images pic1.jpg
2008.11.13 14:06 B E:\JB Tours\website\site\images\gall01.jpg --> ftp.jbtours.co.za /jbtours.co.za/wwwroot/upmarket/images gall01.jpg
2008.11.13 14:06 B E:\JB Tours\website\site\images\gall02.jpg --> ftp.jbtours.co.za /jbtours.co.za/wwwroot/upmarket/images gall02.jpg
2008.11.13 14:06 B E:\JB Tours\website\site\images\gall03.jpg --> ftp.jbtours.co.za /jbtours.co.za/wwwroot/upmarket/images gall03.jpg
2008.11.13 14:06 B E:\JB Tours\website\site\images\gall04.jpg --> ftp.jbtours.co.za /jbtours.co.za/wwwroot/upmarket/images gall04.jpg
2008.11.13 14:06 B E:\JB Tours\website\site\images\gall05.jpg --> ftp.jbtours.co.za /jbtours.co.za/wwwroot/upmarket/images gall05.jpg
2008.11.13 14:06 B E:\JB Tours\website\site\images\gall06.jpg --> ftp.jbtours.co.za /jbtours.co.za/wwwroot/upmarket/images gall06.jpg
2008.11.13 14:07 B E:\JB Tours\website\site\images\header_gallery.gif --> ftp.jbtours.co.za /jbtours.co.za/wwwroot/upmarket/images header_gallery.gif
2008.11.13 14:07 B E:\JB Tours\website\site\images\header_welcome.gif --> ftp.jbtours.co.za /jbtours.co.za/wwwroot/upmarket/images header_welcome.gif
2008.11.13 14:07 B E:\JB Tours\website\site\images\bottom.gif --> ftp.jbtours.co.za /jbtours.co.za/wwwroot/upmarket/images bottom.gif
2008.11.13 14:07 B E:\JB Tours\website\site\images\header_subscribe.gif --> ftp.jbtours.co.za /jbtours.co.za/wwwroot/upmarket/images header_subscribe.gif
2008.11.13 14:07 B E:\JB Tours\website\site\images\centre_tile.gif --> ftp.jbtours.co.za /jbtours.co.za/wwwroot/upmarket/images centre_tile.gif
2008.11.13 14:07 B E:\JB Tours\website\site\images\big_pic.jpg --> ftp.jbtours.co.za /jbtours.co.za/wwwroot/upmarket/images big_pic.jpg
2008.11.13 14:07 B E:\JB Tours\website\site\images\contact_block.gif --> ftp.jbtours.co.za /jbtours.co.za/wwwroot/upmarket/images contact_block.gif
2008.11.13 14:07 B E:\JB Tours\website\site\images\header1.jpg --> ftp.jbtours.co.za /jbtours.co.za/wwwroot/upmarket/images header1.jpg
2008.11.13 14:07 B E:\JB Tours\website\site\images\banner1.gif --> ftp.jbtours.co.za /jbtours.co.za/wwwroot/upmarket/images banner1.gif
2008.11.13 14:07 B E:\JB Tours\website\site\images\banner2.gif --> ftp.jbtours.co.za /jbtours.co.za/wwwroot/upmarket/images banner2.gif
2008.11.13 14:07 B E:\JB Tours\website\site\images\banner3.gif --> ftp.jbtours.co.za /jbtours.co.za/wwwroot/upmarket/images banner3.gif
2008.11.13 14:07 B E:\JB Tours\website\site\images\photogallery.swf --> ftp.jbtours.co.za /jbtours.co.za/wwwroot/upmarket/images photogallery.swf
2008.11.13 14:11 B E:\JB Tours\website\site\images\banner1.gif --> ftp.jbtours.co.za /jbtours.co.za/wwwroot/upmarket/images banner1.gif
2008.11.13 14:34 B E:\JB Tours\website\site\images\photogallery.swf --> ftp.jbtours.co.za /jbtours.co.za/wwwroot/upmarket/images photogallery.swf
2008.11.13 14:54 B E:\JB Tours\website\site\images\nav_after.gif --> dzigner.co.za /public_html/jbtours/website_test/images nav_after.gif
2008.11.13 14:54 B E:\JB Tours\website\site\images\nav_b4.gif --> dzigner.co.za /public_html/jbtours/website_test/images nav_b4.gif
2008.11.13 14:54 B E:\JB Tours\website\site\images\btn1a.gif --> dzigner.co.za /public_html/jbtours/website_test/images btn1a.gif
2008.11.13 14:54 B E:\JB Tours\website\site\images\btn1b.gif --> dzigner.co.za /public_html/jbtours/website_test/images btn1b.gif
2008.11.13 14:54 B E:\JB Tours\website\site\images\btn2a.gif --> dzigner.co.za /public_html/jbtours/website_test/images btn2a.gif
2008.11.13 14:54 B E:\JB Tours\website\site\images\btn2b.gif --> dzigner.co.za /public_html/jbtours/website_test/images btn2b.gif
2008.11.13 14:54 B E:\JB Tours\website\site\images\contact_block.jpg --> dzigner.co.za /public_html/jbtours/website_test/images contact_block.jpg
2008.11.13 14:54 B E:\JB Tours\website\site\images\left_strip1.gif --> dzigner.co.za /public_html/jbtours/website_test/images left_strip1.gif
2008.11.13 14:54 B E:\JB Tours\website\site\images\right-strip1.gif --> dzigner.co.za /public_html/jbtours/website_test/images right-strip1.gif
2008.11.13 14:54 B E:\JB Tours\website\site\images\flower_bg.gif --> dzigner.co.za /public_html/jbtours/website_test/images flower_bg.gif
2008.11.13 14:54 B E:\JB Tours\website\site\images\pic1.jpg --> dzigner.co.za /public_html/jbtours/website_test/images pic1.jpg
2008.11.13 14:54 B E:\JB Tours\website\site\images\gall01.jpg --> dzigner.co.za /public_html/jbtours/website_test/images gall01.jpg
2008.11.13 14:54 B E:\JB Tours\website\site\images\gall02.jpg --> dzigner.co.za /public_html/jbtours/website_test/images gall02.jpg
2008.11.13 14:54 B E:\JB Tours\website\site\images\gall03.jpg --> dzigner.co.za /public_html/jbtours/website_test/images gall03.jpg
2008.11.13 14:54 B E:\JB Tours\website\site\images\gall04.jpg --> dzigner.co.za /public_html/jbtours/website_test/images gall04.jpg
2008.11.13 14:54 B E:\JB Tours\website\site\images\gall05.jpg --> dzigner.co.za /public_html/jbtours/website_test/images gall05.jpg
2008.11.13 14:54 B E:\JB Tours\website\site\images\gall06.jpg --> dzigner.co.za /public_html/jbtours/website_test/images gall06.jpg
2008.11.13 14:54 B E:\JB Tours\website\site\images\header_gallery.gif --> dzigner.co.za /public_html/jbtours/website_test/images header_gallery.gif
2008.11.13 14:54 B E:\JB Tours\website\site\images\header_welcome.gif --> dzigner.co.za /public_html/jbtours/website_test/images header_welcome.gif
2008.11.13 14:54 B E:\JB Tours\website\site\images\bottom.gif --> dzigner.co.za /public_html/jbtours/website_test/images bottom.gif
2008.11.13 14:54 B E:\JB Tours\website\site\images\header_subscribe.gif --> dzigner.co.za /public_html/jbtours/website_test/images header_subscribe.gif
2008.11.13 14:54 B E:\JB Tours\website\site\images\centre_tile.gif --> dzigner.co.za /public_html/jbtours/website_test/images centre_tile.gif
2008.11.13 14:54 B E:\JB Tours\website\site\images\big_pic.jpg --> dzigner.co.za /public_html/jbtours/website_test/images big_pic.jpg
2008.11.13 14:54 B E:\JB Tours\website\site\images\contact_block.gif --> dzigner.co.za /public_html/jbtours/website_test/images contact_block.gif
2008.11.13 14:54 B E:\JB Tours\website\site\images\header1.jpg --> dzigner.co.za /public_html/jbtours/website_test/images header1.jpg
2008.11.13 14:54 B E:\JB Tours\website\site\images\banner2.gif --> dzigner.co.za /public_html/jbtours/website_test/images banner2.gif
2008.11.13 14:54 B E:\JB Tours\website\site\images\banner3.gif --> dzigner.co.za /public_html/jbtours/website_test/images banner3.gif
2008.11.13 14:54 B E:\JB Tours\website\site\images\banner1.gif --> dzigner.co.za /public_html/jbtours/website_test/images banner1.gif
2008.11.13 14:54 B E:\JB Tours\website\site\images\photogallery.swf --> dzigner.co.za /public_html/jbtours/website_test/images photogallery.swf
2008.11.13 15:05 B E:\JB Tours\website\site\images\gall01.jpg --> ftp.jbtours.co.za /jbtours.co.za/wwwroot/upmarket/images gall01.jpg
2008.11.13 15:05 B E:\JB Tours\website\site\images\gall02.jpg --> ftp.jbtours.co.za /jbtours.co.za/wwwroot/upmarket/images gall02.jpg
2008.11.13 15:05 B E:\JB Tours\website\site\images\gall03.jpg --> ftp.jbtours.co.za /jbtours.co.za/wwwroot/upmarket/images gall03.jpg
2008.11.13 15:05 B E:\JB Tours\website\site\images\gall04.jpg --> ftp.jbtours.co.za /jbtours.co.za/wwwroot/upmarket/images gall04.jpg
2008.11.13 15:05 B E:\JB Tours\website\site\images\gall05.jpg --> ftp.jbtours.co.za /jbtours.co.za/wwwroot/upmarket/images gall05.jpg
2008.11.13 15:05 B E:\JB Tours\website\site\images\gall06.jpg --> ftp.jbtours.co.za /jbtours.co.za/wwwroot/upmarket/images gall06.jpg
2008.11.13 15:05 B E:\JB Tours\website\site\images\header_gallery.gif --> ftp.jbtours.co.za /jbtours.co.za/wwwroot/upmarket/images header_gallery.gif
2008.11.13 15:05 B E:\JB Tours\website\site\images\header_welcome.gif --> ftp.jbtours.co.za /jbtours.co.za/wwwroot/upmarket/images header_welcome.gif
2008.11.13 15:05 B E:\JB Tours\website\site\images\bottom.gif --> ftp.jbtours.co.za /jbtours.co.za/wwwroot/upmarket/images bottom.gif
2008.11.13 15:05 B E:\JB Tours\website\site\images\header_subscribe.gif --> ftp.jbtours.co.za /jbtours.co.za/wwwroot/upmarket/images header_subscribe.gif
2008.11.13 15:05 B E:\JB Tours\website\site\images\centre_tile.gif --> ftp.jbtours.co.za /jbtours.co.za/wwwroot/upmarket/images centre_tile.gif
2008.11.13 15:05 B E:\JB Tours\website\site\images\big_pic.jpg --> ftp.jbtours.co.za /jbtours.co.za/wwwroot/upmarket/images big_pic.jpg
2008.11.13 15:05 B E:\JB Tours\website\site\images\contact_block.gif --> ftp.jbtours.co.za /jbtours.co.za/wwwroot/upmarket/images contact_block.gif
2008.11.13 15:05 B E:\JB Tours\website\site\images\header1.jpg --> ftp.jbtours.co.za /jbtours.co.za/wwwroot/upmarket/images header1.jpg
2008.11.13 15:05 B E:\JB Tours\website\site\images\banner2.gif --> ftp.jbtours.co.za /jbtours.co.za/wwwroot/upmarket/images banner2.gif
2008.11.13 15:05 B E:\JB Tours\website\site\images\banner3.gif --> ftp.jbtours.co.za /jbtours.co.za/wwwroot/upmarket/images banner3.gif
2008.11.13 15:05 B E:\JB Tours\website\site\images\banner1.gif --> ftp.jbtours.co.za /jbtours.co.za/wwwroot/upmarket/images banner1.gif
2008.11.13 15:06 B E:\JB Tours\website\site\images\photogallery.swf --> ftp.jbtours.co.za /jbtours.co.za/wwwroot/upmarket/images photogallery.swf
2008.11.13 15:14 B E:\JB Tours\website\site\images\header_subscribe.gif --> ftp.jbtours.co.za /jbtours.co.za/wwwroot/upmarket/images header_subscribe.gif
2008.11.13 15:15 B E:\JB Tours\website\site\images\header_subscribe.gif --> dzigner.co.za /public_html/jbtours/website_test/images header_subscribe.gif
2008.11.13 15:37 B E:\JB Tours\website\site\images\header_subscribe.gif --> dzigner.co.za /public_html/jbtours/website_test/images header_subscribe.gif
2008.11.13 15:40 B E:\JB Tours\website\site\images\header_subscribe.gif --> ftp.jbtours.co.za /jbtours.co.za/wwwroot/upmarket/images header_subscribe.gif
2008.11.14 15:20 B E:\JB Tours\website\site\images\flower2.gif --> ftp.jbtours.co.za /jbtours.co.za/wwwroot/upmarket/images flower2.gif
2008.12.03 14:30 B E:\JB Tours\website\site\images\construction-page.jpg --> ftp.jbtours.co.za /jbtours.co.za/wwwroot/upmarket/images construction-page.jpg
2008.12.03 14:30 B E:\JB Tours\website\site\images\nav_after.gif --> ftp.jbtours.co.za /jbtours.co.za/wwwroot/upmarket/images nav_after.gif
2008.12.03 14:30 B E:\JB Tours\website\site\images\nav_b4.gif --> ftp.jbtours.co.za /jbtours.co.za/wwwroot/upmarket/images nav_b4.gif
2008.12.03 14:30 B E:\JB Tours\website\site\images\btn1a.gif --> ftp.jbtours.co.za /jbtours.co.za/wwwroot/upmarket/images btn1a.gif
2008.12.03 14:30 B E:\JB Tours\website\site\images\btn1b.gif --> ftp.jbtours.co.za /jbtours.co.za/wwwroot/upmarket/images btn1b.gif
2008.12.03 14:30 B E:\JB Tours\website\site\images\btn2a.gif --> ftp.jbtours.co.za /jbtours.co.za/wwwroot/upmarket/images btn2a.gif
2008.12.03 14:30 B E:\JB Tours\website\site\images\btn2b.gif --> ftp.jbtours.co.za /jbtours.co.za/wwwroot/upmarket/images btn2b.gif
2008.12.03 14:30 B E:\JB Tours\website\site\images\contact_block.jpg --> ftp.jbtours.co.za /jbtours.co.za/wwwroot/upmarket/images contact_block.jpg
2008.12.03 14:30 B E:\JB Tours\website\site\images\left_strip1.gif --> ftp.jbtours.co.za /jbtours.co.za/wwwroot/upmarket/images left_strip1.gif
2008.12.03 14:30 B E:\JB Tours\website\site\images\right-strip1.gif --> ftp.jbtours.co.za /jbtours.co.za/wwwroot/upmarket/images right-strip1.gif
2008.12.03 14:30 B E:\JB Tours\website\site\images\flower_bg.gif --> ftp.jbtours.co.za /jbtours.co.za/wwwroot/upmarket/images flower_bg.gif
2008.12.03 14:30 B E:\JB Tours\website\site\images\pic1.jpg --> ftp.jbtours.co.za /jbtours.co.za/wwwroot/upmarket/images pic1.jpg
2008.12.03 14:30 B E:\JB Tours\website\site\images\gall01.jpg --> ftp.jbtours.co.za /jbtours.co.za/wwwroot/upmarket/images gall01.jpg
2008.12.03 14:30 B E:\JB Tours\website\site\images\gall02.jpg --> ftp.jbtours.co.za /jbtours.co.za/wwwroot/upmarket/images gall02.jpg
2008.12.03 14:30 B E:\JB Tours\website\site\images\gall03.jpg --> ftp.jbtours.co.za /jbtours.co.za/wwwroot/upmarket/images gall03.jpg
2008.12.03 14:30 B E:\JB Tours\website\site\images\gall04.jpg --> ftp.jbtours.co.za /jbtours.co.za/wwwroot/upmarket/images gall04.jpg
2008.12.03 14:30 B E:\JB Tours\website\site\images\gall05.jpg --> ftp.jbtours.co.za /jbtours.co.za/wwwroot/upmarket/images gall05.jpg
2008.12.03 14:30 B E:\JB Tours\website\site\images\gall06.jpg --> ftp.jbtours.co.za /jbtours.co.za/wwwroot/upmarket/images gall06.jpg
2008.12.03 14:30 B E:\JB Tours\website\site\images\header_gallery.gif --> ftp.jbtours.co.za /jbtours.co.za/wwwroot/upmarket/images header_gallery.gif
2008.12.03 14:30 B E:\JB Tours\website\site\images\header_welcome.gif --> ftp.jbtours.co.za /jbtours.co.za/wwwroot/upmarket/images header_welcome.gif
2008.12.03 14:30 B E:\JB Tours\website\site\images\bottom.gif --> ftp.jbtours.co.za /jbtours.co.za/wwwroot/upmarket/images bottom.gif
2008.12.03 14:30 B E:\JB Tours\website\site\images\centre_tile.gif --> ftp.jbtours.co.za /jbtours.co.za/wwwroot/upmarket/images centre_tile.gif
2008.12.03 14:30 B E:\JB Tours\website\site\images\big_pic.jpg --> ftp.jbtours.co.za /jbtours.co.za/wwwroot/upmarket/images big_pic.jpg
2008.12.03 14:31 B E:\JB Tours\website\site\images\contact_block.gif --> ftp.jbtours.co.za /jbtours.co.za/wwwroot/upmarket/images contact_block.gif
2008.12.03 14:31 B E:\JB Tours\website\site\images\header1.jpg --> ftp.jbtours.co.za /jbtours.co.za/wwwroot/upmarket/images header1.jpg
2008.12.03 14:31 B E:\JB Tours\website\site\images\banner2.gif --> ftp.jbtours.co.za /jbtours.co.za/wwwroot/upmarket/images banner2.gif
2008.12.03 14:31 B E:\JB Tours\website\site\images\banner3.gif --> ftp.jbtours.co.za /jbtours.co.za/wwwroot/upmarket/images banner3.gif
2008.12.03 14:31 B E:\JB Tours\website\site\images\banner1.gif --> ftp.jbtours.co.za /jbtours.co.za/wwwroot/upmarket/images banner1.gif
2008.12.03 14:31 B E:\JB Tours\website\site\images\photogallery.swf --> ftp.jbtours.co.za /jbtours.co.za/wwwroot/upmarket/images photogallery.swf
2008.12.03 14:31 B E:\JB Tours\website\site\images\header_subscribe.gif --> ftp.jbtours.co.za /jbtours.co.za/wwwroot/upmarket/images header_subscribe.gif
2008.12.03 14:31 B E:\JB Tours\website\site\images\flower2.gif --> ftp.jbtours.co.za /jbtours.co.za/wwwroot/upmarket/images flower2.gif
