2008.12.03 11:35 B E:\JB Tours\website\site\enewsletter\newsletter1\html\mailer.php --> ftp.jbtours.co.za /jbtours.co.za/wwwroot/upmarket/enewsletter/newsletter1/html mailer.php
2008.12.03 11:35 B E:\JB Tours\website\site\enewsletter\newsletter1\html\config.php --> ftp.jbtours.co.za /jbtours.co.za/wwwroot/upmarket/enewsletter/newsletter1/html config.php
2008.12.03 11:36 B E:\JB Tours\website\site\enewsletter\newsletter1\html\e-newsletter1.html --> ftp.jbtours.co.za /jbtours.co.za/wwwroot/upmarket/enewsletter/newsletter1/html e-newsletter1.html
2008.12.03 11:36 B E:\JB Tours\website\site\enewsletter\newsletter1\html\thankyou.html --> ftp.jbtours.co.za /jbtours.co.za/wwwroot/upmarket/enewsletter/newsletter1/html thankyou.html
2008.12.03 11:41 B E:\JB Tours\website\site\enewsletter\newsletter1\html\e-newsletter1.html --> ftp.jbtours.co.za /jbtours.co.za/wwwroot/upmarket/enewsletter/newsletter1/html e-newsletter1.html
2008.12.03 11:43 B E:\JB Tours\website\site\enewsletter\newsletter1\html\e-newsletter1.html --> ftp.jbtours.co.za /jbtours.co.za/wwwroot/upmarket/enewsletter/newsletter1/html e-newsletter1.html
2008.12.03 11:55 B E:\JB Tours\e-newsletter\enewsletter\newsletter1\html\mailer.php --> ftp.jbtours.co.za /jbtours.co.za/wwwroot/upmarket/enewsletter/newsletter1/html mailer.php
2008.12.03 11:55 B E:\JB Tours\e-newsletter\enewsletter\newsletter1\html\config.php --> ftp.jbtours.co.za /jbtours.co.za/wwwroot/upmarket/enewsletter/newsletter1/html config.php
2008.12.03 11:55 B E:\JB Tours\e-newsletter\enewsletter\newsletter1\html\thankyou.html --> ftp.jbtours.co.za /jbtours.co.za/wwwroot/upmarket/enewsletter/newsletter1/html thankyou.html
2008.12.03 11:55 B E:\JB Tours\e-newsletter\enewsletter\newsletter1\html\e-newsletter1.html --> ftp.jbtours.co.za /jbtours.co.za/wwwroot/upmarket/enewsletter/newsletter1/html e-newsletter1.html
2008.12.03 12:01 B E:\JB Tours\e-newsletter\enewsletter\newsletter1\html\e-newsletter1.html --> ftp.jbtours.co.za /jbtours.co.za/wwwroot/upmarket/enewsletter/newsletter1/html e-newsletter1.html
2008.12.03 12:02 B E:\JB Tours\e-newsletter\enewsletter\newsletter1\html\e-newsletter1.html --> ftp.jbtours.co.za /jbtours.co.za/wwwroot/upmarket/enewsletter/newsletter1/html e-newsletter1.html
2008.12.03 12:22 B E:\JB Tours\e-newsletter\enewsletter\newsletter1\html\e-newsletter1.html --> ftp.jbtours.co.za /jbtours.co.za/wwwroot/upmarket/enewsletter/newsletter1/html e-newsletter1.html
2008.12.03 12:23 B E:\JB Tours\e-newsletter\enewsletter\newsletter1\html\e-newsletter1.html --> ftp.jbtours.co.za /jbtours.co.za/wwwroot/upmarket/enewsletter/newsletter1/html e-newsletter1.html
2008.12.03 12:25 B E:\JB Tours\e-newsletter\enewsletter\newsletter1\html\e-newsletter1.html --> ftp.jbtours.co.za /jbtours.co.za/wwwroot/upmarket/enewsletter/newsletter1/html e-newsletter1.html
2008.12.04 09:19 B E:\JB Tours\e-newsletter\enewsletter\newsletter1\html\thankyou.html <-- JB Tours /jbtours.co.za/wwwroot/upmarket/enewsletter/newsletter1/html thankyou.html
2008.12.04 09:19 B E:\JB Tours\e-newsletter\enewsletter\newsletter1\html\mailer.php <-- JB Tours /jbtours.co.za/wwwroot/upmarket/enewsletter/newsletter1/html mailer.php
2008.12.04 09:19 B E:\JB Tours\e-newsletter\enewsletter\newsletter1\html\e-newsletter1.html <-- JB Tours /jbtours.co.za/wwwroot/upmarket/enewsletter/newsletter1/html e-newsletter1.html
2008.12.04 09:19 B E:\JB Tours\e-newsletter\enewsletter\newsletter1\html\config.php <-- JB Tours /jbtours.co.za/wwwroot/upmarket/enewsletter/newsletter1/html config.php
2008.12.04 15:02 B E:\JB Tours\e-newsletter\enewsletter\newsletter1\html\e-newsletter1.html --> ftp.jbtours.co.za /jbtours.co.za/wwwroot/upmarket/enewsletter/newsletter1/html e-newsletter1.html
2008.12.04 15:05 B E:\JB Tours\e-newsletter\enewsletter\newsletter1\html\e-newsletter1.html --> ftp.jbtours.co.za /jbtours.co.za/wwwroot/upmarket e-newsletter1.html
2008.12.04 15:07 B E:\JB Tours\e-newsletter\enewsletter\newsletter1\html\e-newsletter1.html --> ftp.jbtours.co.za /jbtours.co.za/wwwroot/upmarket/enewsletter/newsletter1/html e-newsletter1.html
2009.02.02 11:28 B E:\JB Tours\e-newsletter\enewsletter\newsletter2\html\config.php --> ftp.jbtours.co.za /jbtours.co.za/wwwroot/upmarket/enewsletter/newsletter2/html config.php
2009.02.02 11:28 B E:\JB Tours\e-newsletter\enewsletter\newsletter2\html\mailer.php --> ftp.jbtours.co.za /jbtours.co.za/wwwroot/upmarket/enewsletter/newsletter2/html mailer.php
2009.02.02 11:28 B E:\JB Tours\e-newsletter\enewsletter\newsletter2\html\thankyou.html --> ftp.jbtours.co.za /jbtours.co.za/wwwroot/upmarket/enewsletter/newsletter2/html thankyou.html
2009.02.02 11:28 B E:\JB Tours\e-newsletter\enewsletter\newsletter2\html\e-newsletter2.html --> ftp.jbtours.co.za /jbtours.co.za/wwwroot/upmarket/enewsletter/newsletter2/html e-newsletter2.html
2009.02.02 11:32 B E:\JB Tours\e-newsletter\enewsletter\newsletter2\html\e-newsletter2.html --> ftp.jbtours.co.za /jbtours.co.za/wwwroot/upmarket/enewsletter/newsletter2/html e-newsletter2.html
2009.02.12 16:25 B E:\JB Tours\e-newsletter\enewsletter\newsletter2\html\e-newsletter2.html --> ftp.jbtours.co.za /jbtours.co.za/wwwroot/upmarket/enewsletter/newsletter2/html e-newsletter2.html
2009.02.12 16:30 B E:\JB Tours\e-newsletter\enewsletter\newsletter2\html\e-newsletter2.html --> ftp.jbtours.co.za /jbtours.co.za/wwwroot/upmarket/enewsletter/newsletter2/html e-newsletter2.html
2009.02.12 16:31 B E:\JB Tours\e-newsletter\enewsletter\newsletter2\html\e-newsletter2.html --> ftp.jbtours.co.za /jbtours.co.za/wwwroot/upmarket/enewsletter/newsletter2/html e-newsletter2.html
2009.02.12 16:34 B E:\JB Tours\e-newsletter\enewsletter\newsletter2\html\e-newsletter2.html --> ftp.jbtours.co.za /jbtours.co.za/wwwroot/upmarket/enewsletter/newsletter2/html e-newsletter2.html
2009.02.12 16:35 B E:\JB Tours\e-newsletter\enewsletter\newsletter2\html\e-newsletter2.html --> ftp.jbtours.co.za /jbtours.co.za/wwwroot/upmarket/enewsletter/newsletter2/html e-newsletter2.html
2009.02.12 16:46 B E:\JB Tours\e-newsletter\enewsletter\newsletter2\html\e-newsletter2.html --> ftp.jbtours.co.za /jbtours.co.za/wwwroot/upmarket/enewsletter/newsletter2/html e-newsletter2.html
2009.02.12 16:49 B E:\JB Tours\e-newsletter\enewsletter\newsletter2\html\e-newsletter2.html --> ftp.jbtours.co.za /jbtours.co.za/wwwroot/upmarket/enewsletter/newsletter2/html e-newsletter2.html
2009.02.12 16:52 B E:\JB Tours\e-newsletter\enewsletter\newsletter2\html\e-newsletter2.html --> ftp.jbtours.co.za /jbtours.co.za/wwwroot/upmarket/enewsletter/newsletter2/html e-newsletter2.html
2009.02.26 15:18 B E:\JB Tours\e-newsletter\enewsletter\newsletter3\html\config.php --> ftp.jbtours.co.za /public_html/upmarket/enewsletter/newsletter3/html config.php
2009.02.26 15:18 B E:\JB Tours\e-newsletter\enewsletter\newsletter3\html\mailer.php --> ftp.jbtours.co.za /public_html/upmarket/enewsletter/newsletter3/html mailer.php
2009.02.26 15:18 B E:\JB Tours\e-newsletter\enewsletter\newsletter3\html\thankyou.html --> ftp.jbtours.co.za /public_html/upmarket/enewsletter/newsletter3/html thankyou.html
2009.02.26 15:18 B E:\JB Tours\e-newsletter\enewsletter\newsletter3\html\e-newsletter1_old.html --> ftp.jbtours.co.za /public_html/upmarket/enewsletter/newsletter3/html e-newsletter1_old.html
2009.02.26 15:18 B E:\JB Tours\e-newsletter\enewsletter\newsletter3\html\e-newsletter1.html --> ftp.jbtours.co.za /public_html/upmarket/enewsletter/newsletter3/html e-newsletter1.html
2009.02.26 15:18 B E:\JB Tours\e-newsletter\enewsletter\newsletter3\html\e-newsletter2_old.html --> ftp.jbtours.co.za /public_html/upmarket/enewsletter/newsletter3/html e-newsletter2_old.html
