2008.12.03 11:36 B E:\JB Tours\website\site\enewsletter\newsletter1\html\images\johan_pic.jpg --> ftp.jbtours.co.za /jbtours.co.za/wwwroot/upmarket/enewsletter/newsletter1/html/images johan_pic.jpg
2008.12.03 11:36 B E:\JB Tours\website\site\enewsletter\newsletter1\html\images\header1.jpg --> ftp.jbtours.co.za /jbtours.co.za/wwwroot/upmarket/enewsletter/newsletter1/html/images header1.jpg
2008.12.03 11:36 B E:\JB Tours\website\site\enewsletter\newsletter1\html\images\bo.gif --> ftp.jbtours.co.za /jbtours.co.za/wwwroot/upmarket/enewsletter/newsletter1/html/images bo.gif
2008.12.03 11:36 B E:\JB Tours\website\site\enewsletter\newsletter1\html\images\bg2.jpg --> ftp.jbtours.co.za /jbtours.co.za/wwwroot/upmarket/enewsletter/newsletter1/html/images bg2.jpg
2008.12.03 11:36 B E:\JB Tours\website\site\enewsletter\newsletter1\html\images\contact_block.gif --> ftp.jbtours.co.za /jbtours.co.za/wwwroot/upmarket/enewsletter/newsletter1/html/images contact_block.gif
2008.12.03 11:36 B E:\JB Tours\website\site\enewsletter\newsletter1\html\images\subscribe_banner1.gif --> ftp.jbtours.co.za /jbtours.co.za/wwwroot/upmarket/enewsletter/newsletter1/html/images subscribe_banner1.gif
2008.12.03 11:36 B E:\JB Tours\website\site\enewsletter\newsletter1\html\images\gall.gif --> ftp.jbtours.co.za /jbtours.co.za/wwwroot/upmarket/enewsletter/newsletter1/html/images gall.gif
2008.12.03 11:36 B E:\JB Tours\website\site\enewsletter\newsletter1\html\images\refer_friend_top.gif --> ftp.jbtours.co.za /jbtours.co.za/wwwroot/upmarket/enewsletter/newsletter1/html/images refer_friend_top.gif
2008.12.03 11:36 B E:\JB Tours\website\site\enewsletter\newsletter1\html\images\refer_friend_bot.gif --> ftp.jbtours.co.za /jbtours.co.za/wwwroot/upmarket/enewsletter/newsletter1/html/images refer_friend_bot.gif
2008.12.03 11:36 B E:\JB Tours\website\site\enewsletter\newsletter1\html\images\heading1.gif --> ftp.jbtours.co.za /jbtours.co.za/wwwroot/upmarket/enewsletter/newsletter1/html/images heading1.gif
2008.12.03 11:37 B E:\JB Tours\website\site\enewsletter\newsletter1\html\images\pic1.jpg --> ftp.jbtours.co.za /jbtours.co.za/wwwroot/upmarket/enewsletter/newsletter1/html/images pic1.jpg
2008.12.03 11:37 B E:\JB Tours\website\site\enewsletter\newsletter1\html\images\bg_tile1.gif --> ftp.jbtours.co.za /jbtours.co.za/wwwroot/upmarket/enewsletter/newsletter1/html/images bg_tile1.gif
2008.12.03 11:37 B E:\JB Tours\website\site\enewsletter\newsletter1\html\images\pic2.jpg --> ftp.jbtours.co.za /jbtours.co.za/wwwroot/upmarket/enewsletter/newsletter1/html/images pic2.jpg
2008.12.03 11:37 B E:\JB Tours\website\site\enewsletter\newsletter1\html\images\pic3.jpg --> ftp.jbtours.co.za /jbtours.co.za/wwwroot/upmarket/enewsletter/newsletter1/html/images pic3.jpg
2008.12.03 11:37 B E:\JB Tours\website\site\enewsletter\newsletter1\html\images\pic4.jpg --> ftp.jbtours.co.za /jbtours.co.za/wwwroot/upmarket/enewsletter/newsletter1/html/images pic4.jpg
2008.12.03 11:37 B E:\JB Tours\website\site\enewsletter\newsletter1\html\images\pic5.jpg --> ftp.jbtours.co.za /jbtours.co.za/wwwroot/upmarket/enewsletter/newsletter1/html/images pic5.jpg
2008.12.03 11:37 B E:\JB Tours\website\site\enewsletter\newsletter1\html\images\pic6.jpg --> ftp.jbtours.co.za /jbtours.co.za/wwwroot/upmarket/enewsletter/newsletter1/html/images pic6.jpg
2008.12.03 11:37 B E:\JB Tours\website\site\enewsletter\newsletter1\html\images\top_text.gif --> ftp.jbtours.co.za /jbtours.co.za/wwwroot/upmarket/enewsletter/newsletter1/html/images top_text.gif
2008.12.03 11:37 B E:\JB Tours\website\site\enewsletter\newsletter1\html\images\bot.png --> ftp.jbtours.co.za /jbtours.co.za/wwwroot/upmarket/enewsletter/newsletter1/html/images bot.png
2008.12.03 11:46 B E:\JB Tours\website\site\enewsletter\newsletter1\html\images\johan_pic.jpg --> ftp.jbtours.co.za /jbtours.co.za/wwwroot/upmarket/enewsletter/newsletter1/html/images johan_pic.jpg
2008.12.03 11:46 B E:\JB Tours\website\site\enewsletter\newsletter1\html\images\header1.jpg --> ftp.jbtours.co.za /jbtours.co.za/wwwroot/upmarket/enewsletter/newsletter1/html/images header1.jpg
2008.12.03 11:46 B E:\JB Tours\website\site\enewsletter\newsletter1\html\images\bo.gif --> ftp.jbtours.co.za /jbtours.co.za/wwwroot/upmarket/enewsletter/newsletter1/html/images bo.gif
2008.12.03 11:46 B E:\JB Tours\website\site\enewsletter\newsletter1\html\images\bg2.jpg --> ftp.jbtours.co.za /jbtours.co.za/wwwroot/upmarket/enewsletter/newsletter1/html/images bg2.jpg
2008.12.03 11:46 B E:\JB Tours\website\site\enewsletter\newsletter1\html\images\contact_block.gif --> ftp.jbtours.co.za /jbtours.co.za/wwwroot/upmarket/enewsletter/newsletter1/html/images contact_block.gif
2008.12.03 11:46 B E:\JB Tours\website\site\enewsletter\newsletter1\html\images\subscribe_banner1.gif --> ftp.jbtours.co.za /jbtours.co.za/wwwroot/upmarket/enewsletter/newsletter1/html/images subscribe_banner1.gif
2008.12.03 11:46 B E:\JB Tours\website\site\enewsletter\newsletter1\html\images\gall.gif --> ftp.jbtours.co.za /jbtours.co.za/wwwroot/upmarket/enewsletter/newsletter1/html/images gall.gif
2008.12.03 11:46 B E:\JB Tours\website\site\enewsletter\newsletter1\html\images\refer_friend_top.gif --> ftp.jbtours.co.za /jbtours.co.za/wwwroot/upmarket/enewsletter/newsletter1/html/images refer_friend_top.gif
2008.12.03 11:46 B E:\JB Tours\website\site\enewsletter\newsletter1\html\images\refer_friend_bot.gif --> ftp.jbtours.co.za /jbtours.co.za/wwwroot/upmarket/enewsletter/newsletter1/html/images refer_friend_bot.gif
2008.12.03 11:46 B E:\JB Tours\website\site\enewsletter\newsletter1\html\images\heading1.gif --> ftp.jbtours.co.za /jbtours.co.za/wwwroot/upmarket/enewsletter/newsletter1/html/images heading1.gif
2008.12.03 11:46 B E:\JB Tours\website\site\enewsletter\newsletter1\html\images\pic1.jpg --> ftp.jbtours.co.za /jbtours.co.za/wwwroot/upmarket/enewsletter/newsletter1/html/images pic1.jpg
2008.12.03 11:46 B E:\JB Tours\website\site\enewsletter\newsletter1\html\images\bg_tile1.gif --> ftp.jbtours.co.za /jbtours.co.za/wwwroot/upmarket/enewsletter/newsletter1/html/images bg_tile1.gif
2008.12.03 11:47 B E:\JB Tours\website\site\enewsletter\newsletter1\html\images\pic2.jpg --> ftp.jbtours.co.za /jbtours.co.za/wwwroot/upmarket/enewsletter/newsletter1/html/images pic2.jpg
2008.12.03 11:47 B E:\JB Tours\website\site\enewsletter\newsletter1\html\images\pic3.jpg --> ftp.jbtours.co.za /jbtours.co.za/wwwroot/upmarket/enewsletter/newsletter1/html/images pic3.jpg
2008.12.03 11:47 B E:\JB Tours\website\site\enewsletter\newsletter1\html\images\pic4.jpg --> ftp.jbtours.co.za /jbtours.co.za/wwwroot/upmarket/enewsletter/newsletter1/html/images pic4.jpg
2008.12.03 11:47 B E:\JB Tours\website\site\enewsletter\newsletter1\html\images\pic5.jpg --> ftp.jbtours.co.za /jbtours.co.za/wwwroot/upmarket/enewsletter/newsletter1/html/images pic5.jpg
2008.12.03 11:47 B E:\JB Tours\website\site\enewsletter\newsletter1\html\images\pic6.jpg --> ftp.jbtours.co.za /jbtours.co.za/wwwroot/upmarket/enewsletter/newsletter1/html/images pic6.jpg
2008.12.03 11:47 B E:\JB Tours\website\site\enewsletter\newsletter1\html\images\top_text.gif --> ftp.jbtours.co.za /jbtours.co.za/wwwroot/upmarket/enewsletter/newsletter1/html/images top_text.gif
2008.12.03 11:47 B E:\JB Tours\website\site\enewsletter\newsletter1\html\images\bot.png --> ftp.jbtours.co.za /jbtours.co.za/wwwroot/upmarket/enewsletter/newsletter1/html/images bot.png
2008.12.03 11:56 B E:\JB Tours\e-newsletter\enewsletter\newsletter1\html\images\johan_pic.jpg --> ftp.jbtours.co.za /jbtours.co.za/wwwroot/upmarket/enewsletter/newsletter1/html/images johan_pic.jpg
2008.12.03 11:56 B E:\JB Tours\e-newsletter\enewsletter\newsletter1\html\images\header1.jpg --> ftp.jbtours.co.za /jbtours.co.za/wwwroot/upmarket/enewsletter/newsletter1/html/images header1.jpg
2008.12.03 11:56 B E:\JB Tours\e-newsletter\enewsletter\newsletter1\html\images\bo.gif --> ftp.jbtours.co.za /jbtours.co.za/wwwroot/upmarket/enewsletter/newsletter1/html/images bo.gif
2008.12.03 11:56 B E:\JB Tours\e-newsletter\enewsletter\newsletter1\html\images\bg2.jpg --> ftp.jbtours.co.za /jbtours.co.za/wwwroot/upmarket/enewsletter/newsletter1/html/images bg2.jpg
2008.12.03 11:56 B E:\JB Tours\e-newsletter\enewsletter\newsletter1\html\images\contact_block.gif --> ftp.jbtours.co.za /jbtours.co.za/wwwroot/upmarket/enewsletter/newsletter1/html/images contact_block.gif
2008.12.03 11:56 B E:\JB Tours\e-newsletter\enewsletter\newsletter1\html\images\subscribe_banner1.gif --> ftp.jbtours.co.za /jbtours.co.za/wwwroot/upmarket/enewsletter/newsletter1/html/images subscribe_banner1.gif
2008.12.03 11:56 B E:\JB Tours\e-newsletter\enewsletter\newsletter1\html\images\gall.gif --> ftp.jbtours.co.za /jbtours.co.za/wwwroot/upmarket/enewsletter/newsletter1/html/images gall.gif
2008.12.03 11:56 B E:\JB Tours\e-newsletter\enewsletter\newsletter1\html\images\refer_friend_top.gif --> ftp.jbtours.co.za /jbtours.co.za/wwwroot/upmarket/enewsletter/newsletter1/html/images refer_friend_top.gif
2008.12.03 11:56 B E:\JB Tours\e-newsletter\enewsletter\newsletter1\html\images\refer_friend_bot.gif --> ftp.jbtours.co.za /jbtours.co.za/wwwroot/upmarket/enewsletter/newsletter1/html/images refer_friend_bot.gif
2008.12.03 11:56 B E:\JB Tours\e-newsletter\enewsletter\newsletter1\html\images\heading1.gif --> ftp.jbtours.co.za /jbtours.co.za/wwwroot/upmarket/enewsletter/newsletter1/html/images heading1.gif
2008.12.03 11:56 B E:\JB Tours\e-newsletter\enewsletter\newsletter1\html\images\pic1.jpg --> ftp.jbtours.co.za /jbtours.co.za/wwwroot/upmarket/enewsletter/newsletter1/html/images pic1.jpg
2008.12.03 11:56 B E:\JB Tours\e-newsletter\enewsletter\newsletter1\html\images\bg_tile1.gif --> ftp.jbtours.co.za /jbtours.co.za/wwwroot/upmarket/enewsletter/newsletter1/html/images bg_tile1.gif
2008.12.03 11:56 B E:\JB Tours\e-newsletter\enewsletter\newsletter1\html\images\pic2.jpg --> ftp.jbtours.co.za /jbtours.co.za/wwwroot/upmarket/enewsletter/newsletter1/html/images pic2.jpg
2008.12.03 11:56 B E:\JB Tours\e-newsletter\enewsletter\newsletter1\html\images\pic3.jpg --> ftp.jbtours.co.za /jbtours.co.za/wwwroot/upmarket/enewsletter/newsletter1/html/images pic3.jpg
2008.12.03 11:56 B E:\JB Tours\e-newsletter\enewsletter\newsletter1\html\images\pic4.jpg --> ftp.jbtours.co.za /jbtours.co.za/wwwroot/upmarket/enewsletter/newsletter1/html/images pic4.jpg
2008.12.03 11:56 B E:\JB Tours\e-newsletter\enewsletter\newsletter1\html\images\pic5.jpg --> ftp.jbtours.co.za /jbtours.co.za/wwwroot/upmarket/enewsletter/newsletter1/html/images pic5.jpg
2008.12.03 11:57 B E:\JB Tours\e-newsletter\enewsletter\newsletter1\html\images\pic6.jpg --> ftp.jbtours.co.za /jbtours.co.za/wwwroot/upmarket/enewsletter/newsletter1/html/images pic6.jpg
2008.12.03 11:57 B E:\JB Tours\e-newsletter\enewsletter\newsletter1\html\images\top_text.gif --> ftp.jbtours.co.za /jbtours.co.za/wwwroot/upmarket/enewsletter/newsletter1/html/images top_text.gif
2008.12.03 11:57 B E:\JB Tours\e-newsletter\enewsletter\newsletter1\html\images\bot.png --> ftp.jbtours.co.za /jbtours.co.za/wwwroot/upmarket/enewsletter/newsletter1/html/images bot.png
2008.12.04 15:02 B E:\JB Tours\e-newsletter\enewsletter\newsletter1\html\images\header1.jpg --> ftp.jbtours.co.za /jbtours.co.za/wwwroot/upmarket/enewsletter/newsletter1/html/images header1.jpg
2008.12.04 15:02 B E:\JB Tours\e-newsletter\enewsletter\newsletter1\html\images\refer_friend_top.gif --> ftp.jbtours.co.za /jbtours.co.za/wwwroot/upmarket/enewsletter/newsletter1/html/images refer_friend_top.gif
2008.12.04 15:02 B E:\JB Tours\e-newsletter\enewsletter\newsletter1\html\images\contact_block.gif --> ftp.jbtours.co.za /jbtours.co.za/wwwroot/upmarket/enewsletter/newsletter1/html/images contact_block.gif
2008.12.04 15:02 B E:\JB Tours\e-newsletter\enewsletter\newsletter1\html\images\johan_pic.jpg --> ftp.jbtours.co.za /jbtours.co.za/wwwroot/upmarket/enewsletter/newsletter1/html/images johan_pic.jpg
2008.12.04 15:02 B E:\JB Tours\e-newsletter\enewsletter\newsletter1\html\images\pic3_2.jpg --> ftp.jbtours.co.za /jbtours.co.za/wwwroot/upmarket/enewsletter/newsletter1/html/images pic3_2.jpg
2008.12.04 15:02 B E:\JB Tours\e-newsletter\enewsletter\newsletter1\html\images\pic4_2.jpg --> ftp.jbtours.co.za /jbtours.co.za/wwwroot/upmarket/enewsletter/newsletter1/html/images pic4_2.jpg
2008.12.04 15:02 B E:\JB Tours\e-newsletter\enewsletter\newsletter1\html\images\pic1_2jpg.jpg --> ftp.jbtours.co.za /jbtours.co.za/wwwroot/upmarket/enewsletter/newsletter1/html/images pic1_2jpg.jpg
2008.12.04 15:02 B E:\JB Tours\e-newsletter\enewsletter\newsletter1\html\images\pic2_2.jpg --> ftp.jbtours.co.za /jbtours.co.za/wwwroot/upmarket/enewsletter/newsletter1/html/images pic2_2.jpg
2008.12.04 15:03 B E:\JB Tours\e-newsletter\enewsletter\newsletter1\html\images\flower.gif --> ftp.jbtours.co.za /jbtours.co.za/wwwroot/upmarket/enewsletter/newsletter1/html/images flower.gif
2008.12.04 15:03 B E:\JB Tours\e-newsletter\enewsletter\newsletter1\html\images\pic7.jpg --> ftp.jbtours.co.za /jbtours.co.za/wwwroot/upmarket/enewsletter/newsletter1/html/images pic7.jpg
2008.12.04 15:03 B E:\JB Tours\e-newsletter\enewsletter\newsletter1\html\images\pic8.jpg --> ftp.jbtours.co.za /jbtours.co.za/wwwroot/upmarket/enewsletter/newsletter1/html/images pic8.jpg
2009.02.02 11:29 B E:\JB Tours\e-newsletter\enewsletter\newsletter2\html\images\bo.gif --> ftp.jbtours.co.za /jbtours.co.za/wwwroot/upmarket/enewsletter/newsletter2/html/images bo.gif
2009.02.02 11:29 B E:\JB Tours\e-newsletter\enewsletter\newsletter2\html\images\bg2.jpg --> ftp.jbtours.co.za /jbtours.co.za/wwwroot/upmarket/enewsletter/newsletter2/html/images bg2.jpg
2009.02.02 11:29 B E:\JB Tours\e-newsletter\enewsletter\newsletter2\html\images\subscribe_banner1.gif --> ftp.jbtours.co.za /jbtours.co.za/wwwroot/upmarket/enewsletter/newsletter2/html/images subscribe_banner1.gif
2009.02.02 11:29 B E:\JB Tours\e-newsletter\enewsletter\newsletter2\html\images\gall.gif --> ftp.jbtours.co.za /jbtours.co.za/wwwroot/upmarket/enewsletter/newsletter2/html/images gall.gif
2009.02.02 11:29 B E:\JB Tours\e-newsletter\enewsletter\newsletter2\html\images\refer_friend_bot.gif --> ftp.jbtours.co.za /jbtours.co.za/wwwroot/upmarket/enewsletter/newsletter2/html/images refer_friend_bot.gif
2009.02.02 11:29 B E:\JB Tours\e-newsletter\enewsletter\newsletter2\html\images\heading1.gif --> ftp.jbtours.co.za /jbtours.co.za/wwwroot/upmarket/enewsletter/newsletter2/html/images heading1.gif
2009.02.02 11:29 B E:\JB Tours\e-newsletter\enewsletter\newsletter2\html\images\pic1.jpg --> ftp.jbtours.co.za /jbtours.co.za/wwwroot/upmarket/enewsletter/newsletter2/html/images pic1.jpg
2009.02.02 11:29 B E:\JB Tours\e-newsletter\enewsletter\newsletter2\html\images\bg_tile1.gif --> ftp.jbtours.co.za /jbtours.co.za/wwwroot/upmarket/enewsletter/newsletter2/html/images bg_tile1.gif
2009.02.02 11:29 B E:\JB Tours\e-newsletter\enewsletter\newsletter2\html\images\pic2.jpg --> ftp.jbtours.co.za /jbtours.co.za/wwwroot/upmarket/enewsletter/newsletter2/html/images pic2.jpg
2009.02.02 11:29 B E:\JB Tours\e-newsletter\enewsletter\newsletter2\html\images\pic3.jpg --> ftp.jbtours.co.za /jbtours.co.za/wwwroot/upmarket/enewsletter/newsletter2/html/images pic3.jpg
2009.02.02 11:29 B E:\JB Tours\e-newsletter\enewsletter\newsletter2\html\images\pic4.jpg --> ftp.jbtours.co.za /jbtours.co.za/wwwroot/upmarket/enewsletter/newsletter2/html/images pic4.jpg
2009.02.02 11:29 B E:\JB Tours\e-newsletter\enewsletter\newsletter2\html\images\pic5.jpg --> ftp.jbtours.co.za /jbtours.co.za/wwwroot/upmarket/enewsletter/newsletter2/html/images pic5.jpg
2009.02.02 11:29 B E:\JB Tours\e-newsletter\enewsletter\newsletter2\html\images\pic6.jpg --> ftp.jbtours.co.za /jbtours.co.za/wwwroot/upmarket/enewsletter/newsletter2/html/images pic6.jpg
2009.02.02 11:29 B E:\JB Tours\e-newsletter\enewsletter\newsletter2\html\images\top_text.gif --> ftp.jbtours.co.za /jbtours.co.za/wwwroot/upmarket/enewsletter/newsletter2/html/images top_text.gif
2009.02.02 11:29 B E:\JB Tours\e-newsletter\enewsletter\newsletter2\html\images\bot.png --> ftp.jbtours.co.za /jbtours.co.za/wwwroot/upmarket/enewsletter/newsletter2/html/images bot.png
2009.02.02 11:29 B E:\JB Tours\e-newsletter\enewsletter\newsletter2\html\images\header1.jpg --> ftp.jbtours.co.za /jbtours.co.za/wwwroot/upmarket/enewsletter/newsletter2/html/images header1.jpg
2009.02.02 11:29 B E:\JB Tours\e-newsletter\enewsletter\newsletter2\html\images\refer_friend_top.gif --> ftp.jbtours.co.za /jbtours.co.za/wwwroot/upmarket/enewsletter/newsletter2/html/images refer_friend_top.gif
2009.02.02 11:29 B E:\JB Tours\e-newsletter\enewsletter\newsletter2\html\images\contact_block.gif --> ftp.jbtours.co.za /jbtours.co.za/wwwroot/upmarket/enewsletter/newsletter2/html/images contact_block.gif
2009.02.02 11:29 B E:\JB Tours\e-newsletter\enewsletter\newsletter2\html\images\johan_pic.jpg --> ftp.jbtours.co.za /jbtours.co.za/wwwroot/upmarket/enewsletter/newsletter2/html/images johan_pic.jpg
2009.02.02 11:30 B E:\JB Tours\e-newsletter\enewsletter\newsletter2\html\images\pic3_2.jpg --> ftp.jbtours.co.za /jbtours.co.za/wwwroot/upmarket/enewsletter/newsletter2/html/images pic3_2.jpg
2009.02.02 11:30 B E:\JB Tours\e-newsletter\enewsletter\newsletter2\html\images\pic4_2.jpg --> ftp.jbtours.co.za /jbtours.co.za/wwwroot/upmarket/enewsletter/newsletter2/html/images pic4_2.jpg
2009.02.02 11:30 B E:\JB Tours\e-newsletter\enewsletter\newsletter2\html\images\pic1_2jpg.jpg --> ftp.jbtours.co.za /jbtours.co.za/wwwroot/upmarket/enewsletter/newsletter2/html/images pic1_2jpg.jpg
2009.02.02 11:30 B E:\JB Tours\e-newsletter\enewsletter\newsletter2\html\images\pic2_2.jpg --> ftp.jbtours.co.za /jbtours.co.za/wwwroot/upmarket/enewsletter/newsletter2/html/images pic2_2.jpg
2009.02.02 11:30 B E:\JB Tours\e-newsletter\enewsletter\newsletter2\html\images\flower.gif --> ftp.jbtours.co.za /jbtours.co.za/wwwroot/upmarket/enewsletter/newsletter2/html/images flower.gif
2009.02.02 11:30 B E:\JB Tours\e-newsletter\enewsletter\newsletter2\html\images\pic7.jpg --> ftp.jbtours.co.za /jbtours.co.za/wwwroot/upmarket/enewsletter/newsletter2/html/images pic7.jpg
2009.02.02 11:30 B E:\JB Tours\e-newsletter\enewsletter\newsletter2\html\images\pic8.jpg --> ftp.jbtours.co.za /jbtours.co.za/wwwroot/upmarket/enewsletter/newsletter2/html/images pic8.jpg
2009.02.02 11:30 B E:\JB Tours\e-newsletter\enewsletter\newsletter2\html\images\WS_FTP.LOG --> ftp.jbtours.co.za /jbtours.co.za/wwwroot/upmarket/enewsletter/newsletter2/html/images WS_FTP.LOG
2009.02.02 11:30 B E:\JB Tours\e-newsletter\enewsletter\newsletter2\html\images\Thumbs.db --> ftp.jbtours.co.za /jbtours.co.za/wwwroot/upmarket/enewsletter/newsletter2/html/images Thumbs.db
2009.02.02 11:30 B E:\JB Tours\e-newsletter\enewsletter\newsletter2\html\images\pic01.jpg --> ftp.jbtours.co.za /jbtours.co.za/wwwroot/upmarket/enewsletter/newsletter2/html/images pic01.jpg
2009.02.02 11:30 B E:\JB Tours\e-newsletter\enewsletter\newsletter2\html\images\pic03.jpg --> ftp.jbtours.co.za /jbtours.co.za/wwwroot/upmarket/enewsletter/newsletter2/html/images pic03.jpg
2009.02.02 11:30 B E:\JB Tours\e-newsletter\enewsletter\newsletter2\html\images\pic04.jpg --> ftp.jbtours.co.za /jbtours.co.za/wwwroot/upmarket/enewsletter/newsletter2/html/images pic04.jpg
2009.02.02 11:30 B E:\JB Tours\e-newsletter\enewsletter\newsletter2\html\images\pic02.jpg --> ftp.jbtours.co.za /jbtours.co.za/wwwroot/upmarket/enewsletter/newsletter2/html/images pic02.jpg
2009.02.02 11:30 B E:\JB Tours\e-newsletter\enewsletter\newsletter2\html\images\06.jpg --> ftp.jbtours.co.za /jbtours.co.za/wwwroot/upmarket/enewsletter/newsletter2/html/images 06.jpg
2009.02.02 11:30 B E:\JB Tours\e-newsletter\enewsletter\newsletter2\html\images\05.jpg --> ftp.jbtours.co.za /jbtours.co.za/wwwroot/upmarket/enewsletter/newsletter2/html/images 05.jpg
2009.02.02 11:30 B E:\JB Tours\e-newsletter\enewsletter\newsletter2\html\images\07.jpg --> ftp.jbtours.co.za /jbtours.co.za/wwwroot/upmarket/enewsletter/newsletter2/html/images 07.jpg
2009.02.02 11:30 B E:\JB Tours\e-newsletter\enewsletter\newsletter2\html\images\08.jpg --> ftp.jbtours.co.za /jbtours.co.za/wwwroot/upmarket/enewsletter/newsletter2/html/images 08.jpg
2009.02.02 11:30 B E:\JB Tours\e-newsletter\enewsletter\newsletter2\html\images\09.jpg --> ftp.jbtours.co.za /jbtours.co.za/wwwroot/upmarket/enewsletter/newsletter2/html/images 09.jpg
2009.02.02 11:30 B E:\JB Tours\e-newsletter\enewsletter\newsletter2\html\images\10.jpg --> ftp.jbtours.co.za /jbtours.co.za/wwwroot/upmarket/enewsletter/newsletter2/html/images 10.jpg
2009.02.02 11:30 B E:\JB Tours\e-newsletter\enewsletter\newsletter2\html\images\didyouknow.png --> ftp.jbtours.co.za /jbtours.co.za/wwwroot/upmarket/enewsletter/newsletter2/html/images didyouknow.png
2009.02.02 11:30 B E:\JB Tours\e-newsletter\enewsletter\newsletter2\html\images\header2.jpg --> ftp.jbtours.co.za /jbtours.co.za/wwwroot/upmarket/enewsletter/newsletter2/html/images header2.jpg
2009.02.12 16:25 B E:\JB Tours\e-newsletter\enewsletter\newsletter2\html\images\header2.jpg --> ftp.jbtours.co.za /jbtours.co.za/wwwroot/upmarket/enewsletter/newsletter2/html/images header2.jpg
2009.02.26 15:14 B E:\JB Tours\e-newsletter\enewsletter\newsletter3\html\images\bo.gif --> ftp.jbtours.co.za /public_html/upmarket/enewsletter/newsletter3/html/images bo.gif
2009.02.26 15:14 B E:\JB Tours\e-newsletter\enewsletter\newsletter3\html\images\bg2.jpg --> ftp.jbtours.co.za /public_html/upmarket/enewsletter/newsletter3/html/images bg2.jpg
2009.02.26 15:14 B E:\JB Tours\e-newsletter\enewsletter\newsletter3\html\images\subscribe_banner1.gif --> ftp.jbtours.co.za /public_html/upmarket/enewsletter/newsletter3/html/images subscribe_banner1.gif
2009.02.26 15:14 B E:\JB Tours\e-newsletter\enewsletter\newsletter3\html\images\gall.gif --> ftp.jbtours.co.za /public_html/upmarket/enewsletter/newsletter3/html/images gall.gif
2009.02.26 15:14 B E:\JB Tours\e-newsletter\enewsletter\newsletter3\html\images\refer_friend_bot.gif --> ftp.jbtours.co.za /public_html/upmarket/enewsletter/newsletter3/html/images refer_friend_bot.gif
2009.02.26 15:14 B E:\JB Tours\e-newsletter\enewsletter\newsletter3\html\images\heading1.gif --> ftp.jbtours.co.za /public_html/upmarket/enewsletter/newsletter3/html/images heading1.gif
2009.02.26 15:14 B E:\JB Tours\e-newsletter\enewsletter\newsletter3\html\images\bg_tile1.gif --> ftp.jbtours.co.za /public_html/upmarket/enewsletter/newsletter3/html/images bg_tile1.gif
2009.02.26 15:14 B E:\JB Tours\e-newsletter\enewsletter\newsletter3\html\images\pic2.jpg --> ftp.jbtours.co.za /public_html/upmarket/enewsletter/newsletter3/html/images pic2.jpg
2009.02.26 15:14 B E:\JB Tours\e-newsletter\enewsletter\newsletter3\html\images\pic3.jpg --> ftp.jbtours.co.za /public_html/upmarket/enewsletter/newsletter3/html/images pic3.jpg
2009.02.26 15:14 B E:\JB Tours\e-newsletter\enewsletter\newsletter3\html\images\pic6.jpg --> ftp.jbtours.co.za /public_html/upmarket/enewsletter/newsletter3/html/images pic6.jpg
2009.02.26 15:14 B E:\JB Tours\e-newsletter\enewsletter\newsletter3\html\images\top_text.gif --> ftp.jbtours.co.za /public_html/upmarket/enewsletter/newsletter3/html/images top_text.gif
2009.02.26 15:15 B E:\JB Tours\e-newsletter\enewsletter\newsletter3\html\images\bot.png --> ftp.jbtours.co.za /public_html/upmarket/enewsletter/newsletter3/html/images bot.png
2009.02.26 15:15 B E:\JB Tours\e-newsletter\enewsletter\newsletter3\html\images\header1.jpg --> ftp.jbtours.co.za /public_html/upmarket/enewsletter/newsletter3/html/images header1.jpg
2009.02.26 15:15 B E:\JB Tours\e-newsletter\enewsletter\newsletter3\html\images\refer_friend_top.gif --> ftp.jbtours.co.za /public_html/upmarket/enewsletter/newsletter3/html/images refer_friend_top.gif
2009.02.26 15:15 B E:\JB Tours\e-newsletter\enewsletter\newsletter3\html\images\contact_block.gif --> ftp.jbtours.co.za /public_html/upmarket/enewsletter/newsletter3/html/images contact_block.gif
2009.02.26 15:15 B E:\JB Tours\e-newsletter\enewsletter\newsletter3\html\images\johan_pic.jpg --> ftp.jbtours.co.za /public_html/upmarket/enewsletter/newsletter3/html/images johan_pic.jpg
2009.02.26 15:15 B E:\JB Tours\e-newsletter\enewsletter\newsletter3\html\images\pic3_2.jpg --> ftp.jbtours.co.za /public_html/upmarket/enewsletter/newsletter3/html/images pic3_2.jpg
2009.02.26 15:15 B E:\JB Tours\e-newsletter\enewsletter\newsletter3\html\images\pic2_2.jpg --> ftp.jbtours.co.za /public_html/upmarket/enewsletter/newsletter3/html/images pic2_2.jpg
2009.02.26 15:15 B E:\JB Tours\e-newsletter\enewsletter\newsletter3\html\images\flower.gif --> ftp.jbtours.co.za /public_html/upmarket/enewsletter/newsletter3/html/images flower.gif
2009.02.26 15:15 B E:\JB Tours\e-newsletter\enewsletter\newsletter3\html\images\pic01.jpg --> ftp.jbtours.co.za /public_html/upmarket/enewsletter/newsletter3/html/images pic01.jpg
2009.02.26 15:15 B E:\JB Tours\e-newsletter\enewsletter\newsletter3\html\images\pic03.jpg --> ftp.jbtours.co.za /public_html/upmarket/enewsletter/newsletter3/html/images pic03.jpg
2009.02.26 15:15 B E:\JB Tours\e-newsletter\enewsletter\newsletter3\html\images\pic04.jpg --> ftp.jbtours.co.za /public_html/upmarket/enewsletter/newsletter3/html/images pic04.jpg
2009.02.26 15:15 B E:\JB Tours\e-newsletter\enewsletter\newsletter3\html\images\pic02.jpg --> ftp.jbtours.co.za /public_html/upmarket/enewsletter/newsletter3/html/images pic02.jpg
2009.02.26 15:15 B E:\JB Tours\e-newsletter\enewsletter\newsletter3\html\images\06.jpg --> ftp.jbtours.co.za /public_html/upmarket/enewsletter/newsletter3/html/images 06.jpg
2009.02.26 15:15 B E:\JB Tours\e-newsletter\enewsletter\newsletter3\html\images\05.jpg --> ftp.jbtours.co.za /public_html/upmarket/enewsletter/newsletter3/html/images 05.jpg
2009.02.26 15:15 B E:\JB Tours\e-newsletter\enewsletter\newsletter3\html\images\07.jpg --> ftp.jbtours.co.za /public_html/upmarket/enewsletter/newsletter3/html/images 07.jpg
2009.02.26 15:15 B E:\JB Tours\e-newsletter\enewsletter\newsletter3\html\images\09.jpg --> ftp.jbtours.co.za /public_html/upmarket/enewsletter/newsletter3/html/images 09.jpg
2009.02.26 15:15 B E:\JB Tours\e-newsletter\enewsletter\newsletter3\html\images\10.jpg --> ftp.jbtours.co.za /public_html/upmarket/enewsletter/newsletter3/html/images 10.jpg
2009.02.26 15:16 B E:\JB Tours\e-newsletter\enewsletter\newsletter3\html\images\didyouknow.png --> ftp.jbtours.co.za /public_html/upmarket/enewsletter/newsletter3/html/images didyouknow.png
2009.02.26 15:16 B E:\JB Tours\e-newsletter\enewsletter\newsletter3\html\images\header2.jpg --> ftp.jbtours.co.za /public_html/upmarket/enewsletter/newsletter3/html/images header2.jpg
2009.02.26 15:16 B E:\JB Tours\e-newsletter\enewsletter\newsletter3\html\images\WS_FTP.LOG --> ftp.jbtours.co.za /public_html/upmarket/enewsletter/newsletter3/html/images WS_FTP.LOG
2009.02.26 15:16 B E:\JB Tours\e-newsletter\enewsletter\newsletter3\html\images\header3.jpg --> ftp.jbtours.co.za /public_html/upmarket/enewsletter/newsletter3/html/images header3.jpg
2009.02.26 15:16 B E:\JB Tours\e-newsletter\enewsletter\newsletter3\html\images\art1.jpg --> ftp.jbtours.co.za /public_html/upmarket/enewsletter/newsletter3/html/images art1.jpg
2009.02.26 15:16 B E:\JB Tours\e-newsletter\enewsletter\newsletter3\html\images\art2.jpg --> ftp.jbtours.co.za /public_html/upmarket/enewsletter/newsletter3/html/images art2.jpg
2009.02.26 15:16 B E:\JB Tours\e-newsletter\enewsletter\newsletter3\html\images\art3.jpg --> ftp.jbtours.co.za /public_html/upmarket/enewsletter/newsletter3/html/images art3.jpg
2009.02.26 15:16 B E:\JB Tours\e-newsletter\enewsletter\newsletter3\html\images\art4.jpg --> ftp.jbtours.co.za /public_html/upmarket/enewsletter/newsletter3/html/images art4.jpg
2009.02.26 15:16 B E:\JB Tours\e-newsletter\enewsletter\newsletter3\html\images\art3_3.jpg --> ftp.jbtours.co.za /public_html/upmarket/enewsletter/newsletter3/html/images art3_3.jpg
2009.02.26 15:16 B E:\JB Tours\e-newsletter\enewsletter\newsletter3\html\images\art3_2.jpg --> ftp.jbtours.co.za /public_html/upmarket/enewsletter/newsletter3/html/images art3_2.jpg
2009.02.26 15:16 B E:\JB Tours\e-newsletter\enewsletter\newsletter3\html\images\art4_2.jpg --> ftp.jbtours.co.za /public_html/upmarket/enewsletter/newsletter3/html/images art4_2.jpg
2009.02.26 15:16 B E:\JB Tours\e-newsletter\enewsletter\newsletter3\html\images\art5_1.jpg --> ftp.jbtours.co.za /public_html/upmarket/enewsletter/newsletter3/html/images art5_1.jpg
2009.02.26 15:16 B E:\JB Tours\e-newsletter\enewsletter\newsletter3\html\images\art5_2.jpg --> ftp.jbtours.co.za /public_html/upmarket/enewsletter/newsletter3/html/images art5_2.jpg
2009.02.26 15:16 B E:\JB Tours\e-newsletter\enewsletter\newsletter3\html\images\art5_3.jpg --> ftp.jbtours.co.za /public_html/upmarket/enewsletter/newsletter3/html/images art5_3.jpg
2009.02.26 15:16 B E:\JB Tours\e-newsletter\enewsletter\newsletter3\html\images\art5_4.jpg --> ftp.jbtours.co.za /public_html/upmarket/enewsletter/newsletter3/html/images art5_4.jpg
2009.02.26 15:17 B E:\JB Tours\e-newsletter\enewsletter\newsletter3\html\images\art6_1.jpg --> ftp.jbtours.co.za /public_html/upmarket/enewsletter/newsletter3/html/images art6_1.jpg
2009.02.26 15:17 B E:\JB Tours\e-newsletter\enewsletter\newsletter3\html\images\art6_2.jpg --> ftp.jbtours.co.za /public_html/upmarket/enewsletter/newsletter3/html/images art6_2.jpg
2009.02.26 15:17 B E:\JB Tours\e-newsletter\enewsletter\newsletter3\html\images\art6_3.jpg --> ftp.jbtours.co.za /public_html/upmarket/enewsletter/newsletter3/html/images art6_3.jpg
2009.02.26 15:17 B E:\JB Tours\e-newsletter\enewsletter\newsletter3\html\images\art6_4.jpg --> ftp.jbtours.co.za /public_html/upmarket/enewsletter/newsletter3/html/images art6_4.jpg
2009.02.26 15:17 B E:\JB Tours\e-newsletter\enewsletter\newsletter3\html\images\art7_1.gif --> ftp.jbtours.co.za /public_html/upmarket/enewsletter/newsletter3/html/images art7_1.gif
2009.02.26 15:17 B E:\JB Tours\e-newsletter\enewsletter\newsletter3\html\images\art7_3.gif --> ftp.jbtours.co.za /public_html/upmarket/enewsletter/newsletter3/html/images art7_3.gif
2009.02.26 15:17 B E:\JB Tours\e-newsletter\enewsletter\newsletter3\html\images\art7_4.gif --> ftp.jbtours.co.za /public_html/upmarket/enewsletter/newsletter3/html/images art7_4.gif
2009.02.26 15:17 B E:\JB Tours\e-newsletter\enewsletter\newsletter3\html\images\art8_1.jpg --> ftp.jbtours.co.za /public_html/upmarket/enewsletter/newsletter3/html/images art8_1.jpg
2009.02.26 15:17 B E:\JB Tours\e-newsletter\enewsletter\newsletter3\html\images\art8_2.jpg --> ftp.jbtours.co.za /public_html/upmarket/enewsletter/newsletter3/html/images art8_2.jpg
2009.02.26 15:17 B E:\JB Tours\e-newsletter\enewsletter\newsletter3\html\images\art7_2.gif --> ftp.jbtours.co.za /public_html/upmarket/enewsletter/newsletter3/html/images art7_2.gif
2009.02.26 15:17 B E:\JB Tours\e-newsletter\enewsletter\newsletter3\html\images\top1.gif --> ftp.jbtours.co.za /public_html/upmarket/enewsletter/newsletter3/html/images top1.gif
2009.02.26 15:17 B E:\JB Tours\e-newsletter\enewsletter\newsletter3\html\images\bot1.gif --> ftp.jbtours.co.za /public_html/upmarket/enewsletter/newsletter3/html/images bot1.gif
2009.02.26 15:17 B E:\JB Tours\e-newsletter\enewsletter\newsletter3\html\images\Thumbs.db --> ftp.jbtours.co.za /public_html/upmarket/enewsletter/newsletter3/html/images Thumbs.db
2009.02.27 10:34 B E:\JB Tours\e-newsletter\enewsletter\newsletter3\html\images\pic02_2.jpg --> ftp.jbtours.co.za /public_html/upmarket/enewsletter/newsletter3/html/images pic02_2.jpg
2009.02.27 10:34 B E:\JB Tours\e-newsletter\enewsletter\newsletter3\html\images\pic03_2.jpg --> ftp.jbtours.co.za /public_html/upmarket/enewsletter/newsletter3/html/images pic03_2.jpg
2009.02.27 10:34 B E:\JB Tours\e-newsletter\enewsletter\newsletter3\html\images\pic01_2.jpg --> ftp.jbtours.co.za /public_html/upmarket/enewsletter/newsletter3/html/images pic01_2.jpg
2009.02.27 10:34 B E:\JB Tours\e-newsletter\enewsletter\newsletter3\html\images\pic05_2.jpg --> ftp.jbtours.co.za /public_html/upmarket/enewsletter/newsletter3/html/images pic05_2.jpg
2009.02.27 10:44 B E:\JB Tours\e-newsletter\enewsletter\newsletter3\html\images\heading_routes.gif --> ftp.jbtours.co.za /public_html/upmarket/enewsletter/newsletter3/html/images heading_routes.gif
2009.03.30 12:40 B E:\JB Tours\e-newsletter\enewsletter\newsletter4\html\images\bo.gif --> ftp.jbtours.co.za /public_html/upmarket/enewsletter/newsletter4/html/images bo.gif
2009.03.30 12:40 B E:\JB Tours\e-newsletter\enewsletter\newsletter4\html\images\bg2.jpg --> ftp.jbtours.co.za /public_html/upmarket/enewsletter/newsletter4/html/images bg2.jpg
2009.03.30 12:41 B E:\JB Tours\e-newsletter\enewsletter\newsletter4\html\images\subscribe_banner1.gif --> ftp.jbtours.co.za /public_html/upmarket/enewsletter/newsletter4/html/images subscribe_banner1.gif
2009.03.30 12:41 B E:\JB Tours\e-newsletter\enewsletter\newsletter4\html\images\gall.gif --> ftp.jbtours.co.za /public_html/upmarket/enewsletter/newsletter4/html/images gall.gif
2009.03.30 12:41 B E:\JB Tours\e-newsletter\enewsletter\newsletter4\html\images\refer_friend_bot.gif --> ftp.jbtours.co.za /public_html/upmarket/enewsletter/newsletter4/html/images refer_friend_bot.gif
2009.03.30 12:41 B E:\JB Tours\e-newsletter\enewsletter\newsletter4\html\images\heading1.gif --> ftp.jbtours.co.za /public_html/upmarket/enewsletter/newsletter4/html/images heading1.gif
2009.03.30 12:41 B E:\JB Tours\e-newsletter\enewsletter\newsletter4\html\images\bg_tile1.gif --> ftp.jbtours.co.za /public_html/upmarket/enewsletter/newsletter4/html/images bg_tile1.gif
2009.03.30 12:41 B E:\JB Tours\e-newsletter\enewsletter\newsletter4\html\images\pic2.jpg --> ftp.jbtours.co.za /public_html/upmarket/enewsletter/newsletter4/html/images pic2.jpg
2009.03.30 12:41 B E:\JB Tours\e-newsletter\enewsletter\newsletter4\html\images\pic3.jpg --> ftp.jbtours.co.za /public_html/upmarket/enewsletter/newsletter4/html/images pic3.jpg
2009.03.30 12:41 B E:\JB Tours\e-newsletter\enewsletter\newsletter4\html\images\pic6.jpg --> ftp.jbtours.co.za /public_html/upmarket/enewsletter/newsletter4/html/images pic6.jpg
2009.03.30 12:41 B E:\JB Tours\e-newsletter\enewsletter\newsletter4\html\images\top_text.gif --> ftp.jbtours.co.za /public_html/upmarket/enewsletter/newsletter4/html/images top_text.gif
2009.03.30 12:41 B E:\JB Tours\e-newsletter\enewsletter\newsletter4\html\images\bot.png --> ftp.jbtours.co.za /public_html/upmarket/enewsletter/newsletter4/html/images bot.png
2009.03.30 12:41 B E:\JB Tours\e-newsletter\enewsletter\newsletter4\html\images\pic03_3.jpg --> ftp.jbtours.co.za /public_html/upmarket/enewsletter/newsletter4/html/images pic03_3.jpg
2009.03.30 12:41 B E:\JB Tours\e-newsletter\enewsletter\newsletter4\html\images\pic06.jpg --> ftp.jbtours.co.za /public_html/upmarket/enewsletter/newsletter4/html/images pic06.jpg
2009.03.30 12:41 B E:\JB Tours\e-newsletter\enewsletter\newsletter4\html\images\pic07.jpg --> ftp.jbtours.co.za /public_html/upmarket/enewsletter/newsletter4/html/images pic07.jpg
2009.03.30 12:41 B E:\JB Tours\e-newsletter\enewsletter\newsletter4\html\images\pic08.jpg --> ftp.jbtours.co.za /public_html/upmarket/enewsletter/newsletter4/html/images pic08.jpg
2009.03.30 12:41 B E:\JB Tours\e-newsletter\enewsletter\newsletter4\html\images\pic10.jpg --> ftp.jbtours.co.za /public_html/upmarket/enewsletter/newsletter4/html/images pic10.jpg
2009.03.30 12:41 B E:\JB Tours\e-newsletter\enewsletter\newsletter4\html\images\pic11_3.jpg --> ftp.jbtours.co.za /public_html/upmarket/enewsletter/newsletter4/html/images pic11_3.jpg
2009.03.30 12:41 B E:\JB Tours\e-newsletter\enewsletter\newsletter4\html\images\pic14.jpg --> ftp.jbtours.co.za /public_html/upmarket/enewsletter/newsletter4/html/images pic14.jpg
2009.03.30 12:41 B E:\JB Tours\e-newsletter\enewsletter\newsletter4\html\images\pic16.jpg --> ftp.jbtours.co.za /public_html/upmarket/enewsletter/newsletter4/html/images pic16.jpg
2009.03.30 12:41 B E:\JB Tours\e-newsletter\enewsletter\newsletter4\html\images\header1.jpg --> ftp.jbtours.co.za /public_html/upmarket/enewsletter/newsletter4/html/images header1.jpg
2009.03.30 12:42 B E:\JB Tours\e-newsletter\enewsletter\newsletter4\html\images\refer_friend_top.gif --> ftp.jbtours.co.za /public_html/upmarket/enewsletter/newsletter4/html/images refer_friend_top.gif
2009.03.30 12:42 B E:\JB Tours\e-newsletter\enewsletter\newsletter4\html\images\contact_block.gif --> ftp.jbtours.co.za /public_html/upmarket/enewsletter/newsletter4/html/images contact_block.gif
2009.03.30 12:42 B E:\JB Tours\e-newsletter\enewsletter\newsletter4\html\images\johan_pic.jpg --> ftp.jbtours.co.za /public_html/upmarket/enewsletter/newsletter4/html/images johan_pic.jpg
2009.03.30 12:42 B E:\JB Tours\e-newsletter\enewsletter\newsletter4\html\images\pic3_2.jpg --> ftp.jbtours.co.za /public_html/upmarket/enewsletter/newsletter4/html/images pic3_2.jpg
2009.03.30 12:42 B E:\JB Tours\e-newsletter\enewsletter\newsletter4\html\images\pic2_2.jpg --> ftp.jbtours.co.za /public_html/upmarket/enewsletter/newsletter4/html/images pic2_2.jpg
2009.03.30 12:42 B E:\JB Tours\e-newsletter\enewsletter\newsletter4\html\images\flower.gif --> ftp.jbtours.co.za /public_html/upmarket/enewsletter/newsletter4/html/images flower.gif
2009.03.30 12:42 B E:\JB Tours\e-newsletter\enewsletter\newsletter4\html\images\pic05_3.jpg --> ftp.jbtours.co.za /public_html/upmarket/enewsletter/newsletter4/html/images pic05_3.jpg
2009.03.30 12:42 B E:\JB Tours\e-newsletter\enewsletter\newsletter4\html\images\pic02_3.jpg --> ftp.jbtours.co.za /public_html/upmarket/enewsletter/newsletter4/html/images pic02_3.jpg
2009.03.30 12:43 B E:\JB Tours\e-newsletter\enewsletter\newsletter4\html\images\pic01.jpg --> ftp.jbtours.co.za /public_html/upmarket/enewsletter/newsletter4/html/images pic01.jpg
2009.03.30 12:43 B E:\JB Tours\e-newsletter\enewsletter\newsletter4\html\images\pic03.jpg --> ftp.jbtours.co.za /public_html/upmarket/enewsletter/newsletter4/html/images pic03.jpg
2009.03.30 12:43 B E:\JB Tours\e-newsletter\enewsletter\newsletter4\html\images\pic04.jpg --> ftp.jbtours.co.za /public_html/upmarket/enewsletter/newsletter4/html/images pic04.jpg
2009.03.30 12:43 B E:\JB Tours\e-newsletter\enewsletter\newsletter4\html\images\pic02.jpg --> ftp.jbtours.co.za /public_html/upmarket/enewsletter/newsletter4/html/images pic02.jpg
2009.03.30 12:43 B E:\JB Tours\e-newsletter\enewsletter\newsletter4\html\images\07.jpg --> ftp.jbtours.co.za /public_html/upmarket/enewsletter/newsletter4/html/images 07.jpg
2009.03.30 12:43 B E:\JB Tours\e-newsletter\enewsletter\newsletter4\html\images\09.jpg --> ftp.jbtours.co.za /public_html/upmarket/enewsletter/newsletter4/html/images 09.jpg
2009.03.30 12:43 B E:\JB Tours\e-newsletter\enewsletter\newsletter4\html\images\10.jpg --> ftp.jbtours.co.za /public_html/upmarket/enewsletter/newsletter4/html/images 10.jpg
2009.03.30 12:43 B E:\JB Tours\e-newsletter\enewsletter\newsletter4\html\images\didyouknow.png --> ftp.jbtours.co.za /public_html/upmarket/enewsletter/newsletter4/html/images didyouknow.png
2009.03.30 12:43 B E:\JB Tours\e-newsletter\enewsletter\newsletter4\html\images\art2.jpg --> ftp.jbtours.co.za /public_html/upmarket/enewsletter/newsletter4/html/images art2.jpg
2009.03.30 12:43 B E:\JB Tours\e-newsletter\enewsletter\newsletter4\html\images\art4.jpg --> ftp.jbtours.co.za /public_html/upmarket/enewsletter/newsletter4/html/images art4.jpg
2009.03.30 12:43 B E:\JB Tours\e-newsletter\enewsletter\newsletter4\html\images\top1.gif --> ftp.jbtours.co.za /public_html/upmarket/enewsletter/newsletter4/html/images top1.gif
2009.03.30 12:43 B E:\JB Tours\e-newsletter\enewsletter\newsletter4\html\images\bot1.gif --> ftp.jbtours.co.za /public_html/upmarket/enewsletter/newsletter4/html/images bot1.gif
2009.03.30 12:43 B E:\JB Tours\e-newsletter\enewsletter\newsletter4\html\images\pic02_2.jpg --> ftp.jbtours.co.za /public_html/upmarket/enewsletter/newsletter4/html/images pic02_2.jpg
2009.03.30 12:43 B E:\JB Tours\e-newsletter\enewsletter\newsletter4\html\images\pic03_2.jpg --> ftp.jbtours.co.za /public_html/upmarket/enewsletter/newsletter4/html/images pic03_2.jpg
2009.03.30 12:43 B E:\JB Tours\e-newsletter\enewsletter\newsletter4\html\images\pic01_2.jpg --> ftp.jbtours.co.za /public_html/upmarket/enewsletter/newsletter4/html/images pic01_2.jpg
2009.03.30 12:43 B E:\JB Tours\e-newsletter\enewsletter\newsletter4\html\images\pic05_2.jpg --> ftp.jbtours.co.za /public_html/upmarket/enewsletter/newsletter4/html/images pic05_2.jpg
2009.03.30 12:43 B E:\JB Tours\e-newsletter\enewsletter\newsletter4\html\images\heading_routes.gif --> ftp.jbtours.co.za /public_html/upmarket/enewsletter/newsletter4/html/images heading_routes.gif
2009.03.30 12:43 B E:\JB Tours\e-newsletter\enewsletter\newsletter4\html\images\WS_FTP.LOG --> ftp.jbtours.co.za /public_html/upmarket/enewsletter/newsletter4/html/images WS_FTP.LOG
2009.03.30 12:44 B E:\JB Tours\e-newsletter\enewsletter\newsletter4\html\images\header4.jpg --> ftp.jbtours.co.za /public_html/upmarket/enewsletter/newsletter4/html/images header4.jpg
2009.03.30 12:44 B E:\JB Tours\e-newsletter\enewsletter\newsletter4\html\images\big_01.gif --> ftp.jbtours.co.za /public_html/upmarket/enewsletter/newsletter4/html/images big_01.gif
2009.03.30 12:44 B E:\JB Tours\e-newsletter\enewsletter\newsletter4\html\images\big_02.gif --> ftp.jbtours.co.za /public_html/upmarket/enewsletter/newsletter4/html/images big_02.gif
2009.03.30 12:44 B E:\JB Tours\e-newsletter\enewsletter\newsletter4\html\images\big_03.gif --> ftp.jbtours.co.za /public_html/upmarket/enewsletter/newsletter4/html/images big_03.gif
2009.03.30 12:44 B E:\JB Tours\e-newsletter\enewsletter\newsletter4\html\images\big_04.gif --> ftp.jbtours.co.za /public_html/upmarket/enewsletter/newsletter4/html/images big_04.gif
2009.03.30 12:44 B E:\JB Tours\e-newsletter\enewsletter\newsletter4\html\images\nam01.jpg --> ftp.jbtours.co.za /public_html/upmarket/enewsletter/newsletter4/html/images nam01.jpg
2009.03.30 12:44 B E:\JB Tours\e-newsletter\enewsletter\newsletter4\html\images\nam02.jpg --> ftp.jbtours.co.za /public_html/upmarket/enewsletter/newsletter4/html/images nam02.jpg
2009.03.30 12:44 B E:\JB Tours\e-newsletter\enewsletter\newsletter4\html\images\nam03.jpg --> ftp.jbtours.co.za /public_html/upmarket/enewsletter/newsletter4/html/images nam03.jpg
2009.03.30 12:44 B E:\JB Tours\e-newsletter\enewsletter\newsletter4\html\images\nam04.jpg --> ftp.jbtours.co.za /public_html/upmarket/enewsletter/newsletter4/html/images nam04.jpg
2009.03.30 12:44 B E:\JB Tours\e-newsletter\enewsletter\newsletter4\html\images\nam05.jpg --> ftp.jbtours.co.za /public_html/upmarket/enewsletter/newsletter4/html/images nam05.jpg
2009.03.30 12:44 B E:\JB Tours\e-newsletter\enewsletter\newsletter4\html\images\corp01.jpg --> ftp.jbtours.co.za /public_html/upmarket/enewsletter/newsletter4/html/images corp01.jpg
2009.03.30 12:44 B E:\JB Tours\e-newsletter\enewsletter\newsletter4\html\images\corp02.jpg --> ftp.jbtours.co.za /public_html/upmarket/enewsletter/newsletter4/html/images corp02.jpg
2009.03.30 12:44 B E:\JB Tours\e-newsletter\enewsletter\newsletter4\html\images\corp03.jpg --> ftp.jbtours.co.za /public_html/upmarket/enewsletter/newsletter4/html/images corp03.jpg
2009.03.30 12:44 B E:\JB Tours\e-newsletter\enewsletter\newsletter4\html\images\arrow1.gif --> ftp.jbtours.co.za /public_html/upmarket/enewsletter/newsletter4/html/images arrow1.gif
2009.03.30 12:44 B E:\JB Tours\e-newsletter\enewsletter\newsletter4\html\images\walking1.gif --> ftp.jbtours.co.za /public_html/upmarket/enewsletter/newsletter4/html/images walking1.gif
2009.03.30 12:44 B E:\JB Tours\e-newsletter\enewsletter\newsletter4\html\images\money_saving.gif --> ftp.jbtours.co.za /public_html/upmarket/enewsletter/newsletter4/html/images money_saving.gif
2009.03.30 12:44 B E:\JB Tours\e-newsletter\enewsletter\newsletter4\html\images\security.gif --> ftp.jbtours.co.za /public_html/upmarket/enewsletter/newsletter4/html/images security.gif
2009.03.30 12:45 B E:\JB Tours\e-newsletter\enewsletter\newsletter4\html\images\Thumbs.db --> ftp.jbtours.co.za /public_html/upmarket/enewsletter/newsletter4/html/images Thumbs.db
2009.05.07 22:47 B E:\JB Tours\e-newsletter\enewsletter\newsletter5\html\images\bo.gif --> ftp.jbtours.co.za /public_html/upmarket/enewsletter/newsletter5/html/images bo.gif
2009.05.07 22:48 B E:\JB Tours\e-newsletter\enewsletter\newsletter5\html\images\bg2.jpg --> ftp.jbtours.co.za /public_html/upmarket/enewsletter/newsletter5/html/images bg2.jpg
2009.05.07 22:48 B E:\JB Tours\e-newsletter\enewsletter\newsletter5\html\images\subscribe_banner1.gif --> ftp.jbtours.co.za /public_html/upmarket/enewsletter/newsletter5/html/images subscribe_banner1.gif
2009.05.07 22:48 B E:\JB Tours\e-newsletter\enewsletter\newsletter5\html\images\gall.gif --> ftp.jbtours.co.za /public_html/upmarket/enewsletter/newsletter5/html/images gall.gif
2009.05.07 22:48 B E:\JB Tours\e-newsletter\enewsletter\newsletter5\html\images\refer_friend_bot.gif --> ftp.jbtours.co.za /public_html/upmarket/enewsletter/newsletter5/html/images refer_friend_bot.gif
2009.05.07 22:48 B E:\JB Tours\e-newsletter\enewsletter\newsletter5\html\images\heading1.gif --> ftp.jbtours.co.za /public_html/upmarket/enewsletter/newsletter5/html/images heading1.gif
2009.05.07 22:48 B E:\JB Tours\e-newsletter\enewsletter\newsletter5\html\images\bg_tile1.gif --> ftp.jbtours.co.za /public_html/upmarket/enewsletter/newsletter5/html/images bg_tile1.gif
2009.05.07 22:48 B E:\JB Tours\e-newsletter\enewsletter\newsletter5\html\images\pic2.jpg --> ftp.jbtours.co.za /public_html/upmarket/enewsletter/newsletter5/html/images pic2.jpg
2009.05.07 22:48 B E:\JB Tours\e-newsletter\enewsletter\newsletter5\html\images\pic3.jpg --> ftp.jbtours.co.za /public_html/upmarket/enewsletter/newsletter5/html/images pic3.jpg
2009.05.07 22:48 B E:\JB Tours\e-newsletter\enewsletter\newsletter5\html\images\pic6.jpg --> ftp.jbtours.co.za /public_html/upmarket/enewsletter/newsletter5/html/images pic6.jpg
2009.05.07 22:48 B E:\JB Tours\e-newsletter\enewsletter\newsletter5\html\images\top_text.gif --> ftp.jbtours.co.za /public_html/upmarket/enewsletter/newsletter5/html/images top_text.gif
2009.05.07 22:48 B E:\JB Tours\e-newsletter\enewsletter\newsletter5\html\images\bot.png --> ftp.jbtours.co.za /public_html/upmarket/enewsletter/newsletter5/html/images bot.png
2009.05.07 22:48 B E:\JB Tours\e-newsletter\enewsletter\newsletter5\html\images\pic03_3.jpg --> ftp.jbtours.co.za /public_html/upmarket/enewsletter/newsletter5/html/images pic03_3.jpg
2009.05.07 22:48 B E:\JB Tours\e-newsletter\enewsletter\newsletter5\html\images\pic06.jpg --> ftp.jbtours.co.za /public_html/upmarket/enewsletter/newsletter5/html/images pic06.jpg
2009.05.07 22:48 B E:\JB Tours\e-newsletter\enewsletter\newsletter5\html\images\pic07.jpg --> ftp.jbtours.co.za /public_html/upmarket/enewsletter/newsletter5/html/images pic07.jpg
2009.05.07 22:48 B E:\JB Tours\e-newsletter\enewsletter\newsletter5\html\images\pic08.jpg --> ftp.jbtours.co.za /public_html/upmarket/enewsletter/newsletter5/html/images pic08.jpg
2009.05.07 22:48 B E:\JB Tours\e-newsletter\enewsletter\newsletter5\html\images\pic10.jpg --> ftp.jbtours.co.za /public_html/upmarket/enewsletter/newsletter5/html/images pic10.jpg
2009.05.07 22:48 B E:\JB Tours\e-newsletter\enewsletter\newsletter5\html\images\pic11_3.jpg --> ftp.jbtours.co.za /public_html/upmarket/enewsletter/newsletter5/html/images pic11_3.jpg
2009.05.07 22:48 B E:\JB Tours\e-newsletter\enewsletter\newsletter5\html\images\pic14.jpg --> ftp.jbtours.co.za /public_html/upmarket/enewsletter/newsletter5/html/images pic14.jpg
2009.05.07 22:48 B E:\JB Tours\e-newsletter\enewsletter\newsletter5\html\images\pic16.jpg --> ftp.jbtours.co.za /public_html/upmarket/enewsletter/newsletter5/html/images pic16.jpg
2009.05.07 22:49 B E:\JB Tours\e-newsletter\enewsletter\newsletter5\html\images\header1.jpg --> ftp.jbtours.co.za /public_html/upmarket/enewsletter/newsletter5/html/images header1.jpg
2009.05.07 22:49 B E:\JB Tours\e-newsletter\enewsletter\newsletter5\html\images\refer_friend_top.gif --> ftp.jbtours.co.za /public_html/upmarket/enewsletter/newsletter5/html/images refer_friend_top.gif
2009.05.07 22:49 B E:\JB Tours\e-newsletter\enewsletter\newsletter5\html\images\contact_block.gif --> ftp.jbtours.co.za /public_html/upmarket/enewsletter/newsletter5/html/images contact_block.gif
2009.05.07 22:49 B E:\JB Tours\e-newsletter\enewsletter\newsletter5\html\images\johan_pic.jpg --> ftp.jbtours.co.za /public_html/upmarket/enewsletter/newsletter5/html/images johan_pic.jpg
2009.05.07 22:49 B E:\JB Tours\e-newsletter\enewsletter\newsletter5\html\images\pic3_2.jpg --> ftp.jbtours.co.za /public_html/upmarket/enewsletter/newsletter5/html/images pic3_2.jpg
2009.05.07 22:49 B E:\JB Tours\e-newsletter\enewsletter\newsletter5\html\images\pic2_2.jpg --> ftp.jbtours.co.za /public_html/upmarket/enewsletter/newsletter5/html/images pic2_2.jpg
2009.05.07 22:49 B E:\JB Tours\e-newsletter\enewsletter\newsletter5\html\images\flower.gif --> ftp.jbtours.co.za /public_html/upmarket/enewsletter/newsletter5/html/images flower.gif
2009.05.07 22:49 B E:\JB Tours\e-newsletter\enewsletter\newsletter5\html\images\pic05_3.jpg --> ftp.jbtours.co.za /public_html/upmarket/enewsletter/newsletter5/html/images pic05_3.jpg
2009.05.07 22:49 B E:\JB Tours\e-newsletter\enewsletter\newsletter5\html\images\pic02_3.jpg --> ftp.jbtours.co.za /public_html/upmarket/enewsletter/newsletter5/html/images pic02_3.jpg
2009.05.07 22:49 B E:\JB Tours\e-newsletter\enewsletter\newsletter5\html\images\pic01.jpg --> ftp.jbtours.co.za /public_html/upmarket/enewsletter/newsletter5/html/images pic01.jpg
2009.05.07 22:49 B E:\JB Tours\e-newsletter\enewsletter\newsletter5\html\images\pic03.jpg --> ftp.jbtours.co.za /public_html/upmarket/enewsletter/newsletter5/html/images pic03.jpg
2009.05.07 22:49 B E:\JB Tours\e-newsletter\enewsletter\newsletter5\html\images\pic04.jpg --> ftp.jbtours.co.za /public_html/upmarket/enewsletter/newsletter5/html/images pic04.jpg
2009.05.07 22:49 B E:\JB Tours\e-newsletter\enewsletter\newsletter5\html\images\pic02.jpg --> ftp.jbtours.co.za /public_html/upmarket/enewsletter/newsletter5/html/images pic02.jpg
2009.05.07 22:49 B E:\JB Tours\e-newsletter\enewsletter\newsletter5\html\images\07.jpg --> ftp.jbtours.co.za /public_html/upmarket/enewsletter/newsletter5/html/images 07.jpg
2009.05.07 22:49 B E:\JB Tours\e-newsletter\enewsletter\newsletter5\html\images\09.jpg --> ftp.jbtours.co.za /public_html/upmarket/enewsletter/newsletter5/html/images 09.jpg
2009.05.07 22:49 B E:\JB Tours\e-newsletter\enewsletter\newsletter5\html\images\10.jpg --> ftp.jbtours.co.za /public_html/upmarket/enewsletter/newsletter5/html/images 10.jpg
2009.05.07 22:49 B E:\JB Tours\e-newsletter\enewsletter\newsletter5\html\images\didyouknow.png --> ftp.jbtours.co.za /public_html/upmarket/enewsletter/newsletter5/html/images didyouknow.png
2009.05.07 22:50 B E:\JB Tours\e-newsletter\enewsletter\newsletter5\html\images\art2.jpg --> ftp.jbtours.co.za /public_html/upmarket/enewsletter/newsletter5/html/images art2.jpg
2009.05.07 22:50 B E:\JB Tours\e-newsletter\enewsletter\newsletter5\html\images\art4.jpg --> ftp.jbtours.co.za /public_html/upmarket/enewsletter/newsletter5/html/images art4.jpg
2009.05.07 22:50 B E:\JB Tours\e-newsletter\enewsletter\newsletter5\html\images\art8_1.jpg --> ftp.jbtours.co.za /public_html/upmarket/enewsletter/newsletter5/html/images art8_1.jpg
2009.05.07 22:50 B E:\JB Tours\e-newsletter\enewsletter\newsletter5\html\images\art8_2.jpg --> ftp.jbtours.co.za /public_html/upmarket/enewsletter/newsletter5/html/images art8_2.jpg
2009.05.07 22:50 B E:\JB Tours\e-newsletter\enewsletter\newsletter5\html\images\top1.gif --> ftp.jbtours.co.za /public_html/upmarket/enewsletter/newsletter5/html/images top1.gif
2009.05.07 22:50 B E:\JB Tours\e-newsletter\enewsletter\newsletter5\html\images\bot1.gif --> ftp.jbtours.co.za /public_html/upmarket/enewsletter/newsletter5/html/images bot1.gif
2009.05.07 22:50 B E:\JB Tours\e-newsletter\enewsletter\newsletter5\html\images\pic02_2.jpg --> ftp.jbtours.co.za /public_html/upmarket/enewsletter/newsletter5/html/images pic02_2.jpg
2009.05.07 22:50 B E:\JB Tours\e-newsletter\enewsletter\newsletter5\html\images\pic03_2.jpg --> ftp.jbtours.co.za /public_html/upmarket/enewsletter/newsletter5/html/images pic03_2.jpg
2009.05.07 22:50 B E:\JB Tours\e-newsletter\enewsletter\newsletter5\html\images\pic01_2.jpg --> ftp.jbtours.co.za /public_html/upmarket/enewsletter/newsletter5/html/images pic01_2.jpg
2009.05.07 22:50 B E:\JB Tours\e-newsletter\enewsletter\newsletter5\html\images\pic05_2.jpg --> ftp.jbtours.co.za /public_html/upmarket/enewsletter/newsletter5/html/images pic05_2.jpg
2009.05.07 22:50 B E:\JB Tours\e-newsletter\enewsletter\newsletter5\html\images\heading_routes.gif --> ftp.jbtours.co.za /public_html/upmarket/enewsletter/newsletter5/html/images heading_routes.gif
2009.05.07 22:50 B E:\JB Tours\e-newsletter\enewsletter\newsletter5\html\images\big_01.gif --> ftp.jbtours.co.za /public_html/upmarket/enewsletter/newsletter5/html/images big_01.gif
2009.05.07 22:50 B E:\JB Tours\e-newsletter\enewsletter\newsletter5\html\images\big_02.gif --> ftp.jbtours.co.za /public_html/upmarket/enewsletter/newsletter5/html/images big_02.gif
2009.05.07 22:50 B E:\JB Tours\e-newsletter\enewsletter\newsletter5\html\images\big_03.gif --> ftp.jbtours.co.za /public_html/upmarket/enewsletter/newsletter5/html/images big_03.gif
2009.05.07 22:50 B E:\JB Tours\e-newsletter\enewsletter\newsletter5\html\images\big_04.gif --> ftp.jbtours.co.za /public_html/upmarket/enewsletter/newsletter5/html/images big_04.gif
2009.05.07 22:50 B E:\JB Tours\e-newsletter\enewsletter\newsletter5\html\images\nam01.jpg --> ftp.jbtours.co.za /public_html/upmarket/enewsletter/newsletter5/html/images nam01.jpg
2009.05.07 22:50 B E:\JB Tours\e-newsletter\enewsletter\newsletter5\html\images\nam02.jpg --> ftp.jbtours.co.za /public_html/upmarket/enewsletter/newsletter5/html/images nam02.jpg
2009.05.07 22:50 B E:\JB Tours\e-newsletter\enewsletter\newsletter5\html\images\nam03.jpg --> ftp.jbtours.co.za /public_html/upmarket/enewsletter/newsletter5/html/images nam03.jpg
2009.05.07 22:50 B E:\JB Tours\e-newsletter\enewsletter\newsletter5\html\images\nam04.jpg --> ftp.jbtours.co.za /public_html/upmarket/enewsletter/newsletter5/html/images nam04.jpg
2009.05.07 22:51 B E:\JB Tours\e-newsletter\enewsletter\newsletter5\html\images\nam05.jpg --> ftp.jbtours.co.za /public_html/upmarket/enewsletter/newsletter5/html/images nam05.jpg
2009.05.07 22:51 B E:\JB Tours\e-newsletter\enewsletter\newsletter5\html\images\corp01.jpg --> ftp.jbtours.co.za /public_html/upmarket/enewsletter/newsletter5/html/images corp01.jpg
2009.05.07 22:51 B E:\JB Tours\e-newsletter\enewsletter\newsletter5\html\images\corp02.jpg --> ftp.jbtours.co.za /public_html/upmarket/enewsletter/newsletter5/html/images corp02.jpg
2009.05.07 22:51 B E:\JB Tours\e-newsletter\enewsletter\newsletter5\html\images\corp03.jpg --> ftp.jbtours.co.za /public_html/upmarket/enewsletter/newsletter5/html/images corp03.jpg
2009.05.07 22:51 B E:\JB Tours\e-newsletter\enewsletter\newsletter5\html\images\arrow1.gif --> ftp.jbtours.co.za /public_html/upmarket/enewsletter/newsletter5/html/images arrow1.gif
2009.05.07 22:51 B E:\JB Tours\e-newsletter\enewsletter\newsletter5\html\images\walking1.gif --> ftp.jbtours.co.za /public_html/upmarket/enewsletter/newsletter5/html/images walking1.gif
2009.05.07 22:51 B E:\JB Tours\e-newsletter\enewsletter\newsletter5\html\images\money_saving.gif --> ftp.jbtours.co.za /public_html/upmarket/enewsletter/newsletter5/html/images money_saving.gif
2009.05.07 22:51 B E:\JB Tours\e-newsletter\enewsletter\newsletter5\html\images\security.gif --> ftp.jbtours.co.za /public_html/upmarket/enewsletter/newsletter5/html/images security.gif
